<?xml version="1.0" encoding="utf-8"?>
<TestRun id="a5e7a963-b30d-416d-88fb-25cb668a9c15" name="1Matt@MATTHEWPC 2026-09-19 22:21:55" runUser="MatthewPC\CodexSandboxOffline" xmlns="http://microsoft.com/schemas/VisualStudio/TeamTest/2010">
  <Times creation="2026-09-19T22:21:55.1301346-07:00" queuing="2026-09-19T22:21:55.1301347-07:00" start="2026-09-19T22:21:54.5914818-07:00" finish="2026-09-19T22:21:55.3116649-07:00" />
  <TestSettings name="default" id="85b1c4de-46fe-4b41-b429-0368ae3369f2">
    <Deployment runDeploymentRoot="1Matt_MATTHEWPC_2026-09-19_22_21_55" />
  </TestSettings>
  <Results>
    <UnitTestResult executionId="8f14f034-ac4c-4fa7-8f56-1564371bc409" testId="312f3aca-b0af-3657-5c90-4484f32f21d2" testName="Newt.Simulation.Tests.SimulationWorldTests.MegaToadLivesOnLandShallowsAndLakesButNotOpenOcean" computerName="MATTHEWPC" duration="00:00:00.0000862" startTime="2026-09-19T22:21:55.2538895-07:00" endTime="2026-09-19T22:21:55.2539608-07:00" testType="13cdc9d9-ddb5-4fa4-a97d-d965ccfc6d4b" outcome="Passed" testListId="8c84fa94-04c1-424b-9868-57a2d4851a1d" relativeResultsDirectory="8f14f034-ac4c-4fa7-8f56-1564371bc409" />
    <UnitTestResult executionId="65015aca-93b7-4f53-9c76-fe237ed9b55d" testId="3f37e44d-4c9a-569b-79be-04393ac37191" testName="Newt.Simulation.Tests.SimulationWorldTests.TerrestrialPreyFleeFromSpeciesThatCanEatThem(prey: Gazelle, movementSeconds: 3)" computerName="MATTHEWPC" duration="00:00:00.0001820" startTime="2026-09-19T22:21:55.1138301-07:00" endTime="2026-09-19T22:21:55.1138438-07:00" testType="13cdc9d9-ddb5-4fa4-a97d-d965ccfc6d4b" outcome="Passed" testListId="8c84fa94-04c1-424b-9868-57a2d4851a1d" relativeResultsDirectory="65015aca-93b7-4f53-9c76-fe237ed9b55d" />
    <UnitTestResult executionId="57148647-a06c-4632-b4e2-309f29bbdec9" testId="cf08d30c-1c9d-ec78-f002-8675bb17e630" testName="Newt.Simulation.Tests.SimulationWorldTests.AdjacentOnlyPreyHasNoPriorityOverEquallyCloseOrdinaryPrey(predator: Squid, adjacentOnlyPrey: Crab, ordinaryPrey: Fish)" computerName="MATTHEWPC" duration="00:00:00.0002131" startTime="2026-09-19T22:21:55.1536748-07:00" endTime="2026-09-19T22:21:55.1538732-07:00" testType="13cdc9d9-ddb5-4fa4-a97d-d965ccfc6d4b" outcome="Passed" testListId="8c84fa94-04c1-424b-9868-57a2d4851a1d" relativeResultsDirectory="57148647-a06c-4632-b4e2-309f29bbdec9" />
    <UnitTestResult executionId="3ea602e6-675a-42cb-b506-17131dfe47d6" testId="44eb3da5-6818-7312-7f63-ffa47e83fa9a" testName="Newt.Simulation.Tests.SimulationWorldTests.JellyfishConsumesPlanktonItBumpsInto" computerName="MATTHEWPC" duration="00:00:00.0001849" startTime="2026-09-19T22:21:55.2176688-07:00" endTime="2026-09-19T22:21:55.2176822-07:00" testType="13cdc9d9-ddb5-4fa4-a97d-d965ccfc6d4b" outcome="Passed" testListId="8c84fa94-04c1-424b-9868-57a2d4851a1d" relativeResultsDirectory="3ea602e6-675a-42cb-b506-17131dfe47d6" />
    <UnitTestResult executionId="635a0e3a-7bbe-4b2a-9b8e-fc2236d8e560" testId="c126be60-971f-e0de-0a28-2820341e65b6" testName="Newt.Simulation.Tests.SimulationWorldTests.SquidEggDriftsOnTheSameScheduleAsPlankton" computerName="MATTHEWPC" duration="00:00:00.0003452" startTime="2026-09-19T22:21:55.2623175-07:00" endTime="2026-09-19T22:21:55.2626139-07:00" testType="13cdc9d9-ddb5-4fa4-a97d-d965ccfc6d4b" outcome="Passed" testListId="8c84fa94-04c1-424b-9868-57a2d4851a1d" relativeResultsDirectory="635a0e3a-7bbe-4b2a-9b8e-fc2236d8e560" />
    <UnitTestResult executionId="8c792517-4d5b-430f-bcfc-b37b55480169" testId="9a2203bb-28eb-382b-0b88-5884c29ea814" testName="Newt.Simulation.Tests.SimulationWorldTests.DeepOceanIceProvidesForageOnlyToWorms(species: Trilobite, movementSeconds: 6)" computerName="MATTHEWPC" duration="00:00:00.0001987" startTime="2026-09-19T22:21:55.1671509-07:00" endTime="2026-09-19T22:21:55.1673477-07:00" testType="13cdc9d9-ddb5-4fa4-a97d-d965ccfc6d4b" outcome="Passed" testListId="8c84fa94-04c1-424b-9868-57a2d4851a1d" relativeResultsDirectory="8c792517-4d5b-430f-bcfc-b37b55480169" />
    <UnitTestResult executionId="d31541b4-70a9-4c8d-85bb-6847caa6ae0d" testId="c8e83656-f3aa-d0a1-d509-69ba26ad694b" testName="Newt.Simulation.Tests.SimulationWorldTests.ToothedWhaleHuntsPredatorsThroughCombat(prey: MegaSpider)" computerName="MATTHEWPC" duration="00:00:00.0059376" startTime="2026-09-19T22:21:55.1118043-07:00" endTime="2026-09-19T22:21:55.1118305-07:00" testType="13cdc9d9-ddb5-4fa4-a97d-d965ccfc6d4b" outcome="Passed" testListId="8c84fa94-04c1-424b-9868-57a2d4851a1d" relativeResultsDirectory="d31541b4-70a9-4c8d-85bb-6847caa6ae0d" />
    <UnitTestResult executionId="0d2c9827-0563-45b6-b5d4-8f08139d6bd9" testId="0c4740d8-2c7a-8dd0-aa6d-94d5c1a5a98e" testName="Newt.Simulation.Tests.SimulationWorldTests.SeaScorpionHuntsItsAquaticPrey(prey: Deer, expectedEnergy: 9)" computerName="MATTHEWPC" duration="00:00:00.0000436" startTime="2026-09-19T22:21:55.1696781-07:00" endTime="2026-09-19T22:21:55.1696932-07:00" testType="13cdc9d9-ddb5-4fa4-a97d-d965ccfc6d4b" outcome="Passed" testListId="8c84fa94-04c1-424b-9868-57a2d4851a1d" relativeResultsDirectory="0d2c9827-0563-45b6-b5d4-8f08139d6bd9" />
    <UnitTestResult executionId="09ff245b-bb30-4208-b0fb-56a69e59843e" testId="20db226f-ed1a-f9b7-08d5-ffc50d1716b3" testName="Newt.Simulation.Tests.SimulationWorldTests.TherapsidAdjacentLakeStrikeHasNoPriorityOverOtherPrey" computerName="MATTHEWPC" duration="00:00:00.0002429" startTime="2026-09-19T22:21:55.1712076-07:00" endTime="2026-09-19T22:21:55.1714334-07:00" testType="13cdc9d9-ddb5-4fa4-a97d-d965ccfc6d4b" outcome="Passed" testListId="8c84fa94-04c1-424b-9868-57a2d4851a1d" relativeResultsDirectory="09ff245b-bb30-4208-b0fb-56a69e59843e" />
    <UnitTestResult executionId="48f89de9-7b6c-45d3-9327-0550635ab86a" testId="c008f67f-1019-5b09-96d8-979617a9bf9f" testName="Newt.Simulation.Tests.SimulationWorldTests.HungryTherapsidForagesOnlyInSupportedBiomes(biome: Forest, expectedEnergy: 4)" computerName="MATTHEWPC" duration="00:00:00.0249469" startTime="2026-09-19T22:21:55.0586985-07:00" endTime="2026-09-19T22:21:55.0876928-07:00" testType="13cdc9d9-ddb5-4fa4-a97d-d965ccfc6d4b" outcome="Passed" testListId="8c84fa94-04c1-424b-9868-57a2d4851a1d" relativeResultsDirectory="48f89de9-7b6c-45d3-9327-0550635ab86a" />
    <UnitTestResult executionId="3112de9e-cbd7-473e-89fb-bec935614492" testId="40225b5f-33d3-4306-3101-992caee06198" testName="Newt.Simulation.Tests.SimulationWorldTests.WolfUsesTheMegaToadDiet(prey: Monkey, expectedEnergy: 9)" computerName="MATTHEWPC" duration="00:00:00.0000366" startTime="2026-09-19T22:21:55.1415371-07:00" endTime="2026-09-19T22:21:55.1415637-07:00" testType="13cdc9d9-ddb5-4fa4-a97d-d965ccfc6d4b" outcome="Passed" testListId="8c84fa94-04c1-424b-9868-57a2d4851a1d" relativeResultsDirectory="3112de9e-cbd7-473e-89fb-bec935614492" />
    <UnitTestResult executionId="a6cc4465-8e1a-460e-81e0-847aa9213f6e" testId="e41ea085-9af5-bc17-51c7-69715675893b" testName="Newt.Simulation.Tests.SimulationWorldTests.MarinePredatorsEatTheirAdjacentAncestorsWithoutHuntingThemAtRange(predator: SeaScorpion, ancestor: Trilobite)" computerName="MATTHEWPC" duration="00:00:00.0001979" startTime="2026-09-19T22:21:55.2163779-07:00" endTime="2026-09-19T22:21:55.2165298-07:00" testType="13cdc9d9-ddb5-4fa4-a97d-d965ccfc6d4b" outcome="Passed" testListId="8c84fa94-04c1-424b-9868-57a2d4851a1d" relativeResultsDirectory="a6cc4465-8e1a-460e-81e0-847aa9213f6e" />
    <UnitTestResult executionId="9b84b36b-4f30-4ce3-9221-aa48497b42c6" testId="b1ceab28-bf9d-1581-00f1-b634ba4d4fc7" testName="Newt.Simulation.Tests.SimulationWorldTests.AdjacentOnlyPreyHasNoPriorityOverEquallyCloseOrdinaryPrey(predator: SeaScorpion, adjacentOnlyPrey: Nautilus, ordinaryPrey: Fish)" computerName="MATTHEWPC" duration="00:00:00.0002149" startTime="2026-09-19T22:21:55.1532670-07:00" endTime="2026-09-19T22:21:55.1532836-07:00" testType="13cdc9d9-ddb5-4fa4-a97d-d965ccfc6d4b" outcome="Passed" testListId="8c84fa94-04c1-424b-9868-57a2d4851a1d" relativeResultsDirectory="9b84b36b-4f30-4ce3-9221-aa48497b42c6" />
    <UnitTestResult executionId="6b4dcb42-0ad7-4f61-b09a-0d82ea5f4ec8" testId="4bf2d0e3-d611-bd7e-0e51-f99584999c0a" testName="Newt.Simulation.Tests.SimulationWorldTests.HungryTherapsidForagesOnlyInSupportedBiomes(biome: None, expectedEnergy: 4)" computerName="MATTHEWPC" duration="00:00:00.0007983" startTime="2026-09-19T22:21:55.0935571-07:00" endTime="2026-09-19T22:21:55.0935714-07:00" testType="13cdc9d9-ddb5-4fa4-a97d-d965ccfc6d4b" outcome="Passed" testListId="8c84fa94-04c1-424b-9868-57a2d4851a1d" relativeResultsDirectory="6b4dcb42-0ad7-4f61-b09a-0d82ea5f4ec8" />
    <UnitTestResult executionId="d655264e-1706-4644-aa0d-67e573df33f2" testId="d4d56dcf-275e-887a-3cef-5805c6d8b66b" testName="Newt.Simulation.Tests.SimulationWorldTests.CrabsAllowFreezingBeachesAndIceSheetsButRejectOtherArcticTerrain" computerName="MATTHEWPC" duration="00:00:00.0000791" startTime="2026-09-19T22:21:55.2410898-07:00" endTime="2026-09-19T22:21:55.2411526-07:00" testType="13cdc9d9-ddb5-4fa4-a97d-d965ccfc6d4b" outcome="Passed" testListId="8c84fa94-04c1-424b-9868-57a2d4851a1d" relativeResultsDirectory="d655264e-1706-4644-aa0d-67e573df33f2" />
    <UnitTestResult executionId="3671c507-4af2-49bc-be1a-9f4d1ca303a5" testId="19189965-5c14-d8ba-b40d-d6b5b656aa9f" testName="Newt.Simulation.Tests.SimulationWorldTests.WolfUsesTheMegaToadDiet(prey: Deer, expectedEnergy: 10)" computerName="MATTHEWPC" duration="00:00:00.0000319" startTime="2026-09-19T22:21:55.1417619-07:00" endTime="2026-09-19T22:21:55.1417752-07:00" testType="13cdc9d9-ddb5-4fa4-a97d-d965ccfc6d4b" outcome="Passed" testListId="8c84fa94-04c1-424b-9868-57a2d4851a1d" relativeResultsDirectory="3671c507-4af2-49bc-be1a-9f4d1ca303a5" />
    <UnitTestResult executionId="375217ee-6f68-4232-8f87-431a89d39edf" testId="0e0951fd-ccab-7d0d-1554-f353a6cd367a" testName="Newt.Simulation.Tests.SimulationWorldTests.FishIgnoresCloserProtectedSpeciesAndHuntsPlankton(fallbackPrey: Crab)" computerName="MATTHEWPC" duration="00:00:00.0002155" startTime="2026-09-19T22:21:55.1646349-07:00" endTime="2026-09-19T22:21:55.1648677-07:00" testType="13cdc9d9-ddb5-4fa4-a97d-d965ccfc6d4b" outcome="Passed" testListId="8c84fa94-04c1-424b-9868-57a2d4851a1d" relativeResultsDirectory="375217ee-6f68-4232-8f87-431a89d39edf" />
    <UnitTestResult executionId="526e5c80-540c-4f79-b1bb-3e9b744f1940" testId="5f5bb8ec-fdc0-8e16-d06f-3fa1e7663456" testName="Newt.Simulation.Tests.SimulationWorldTests.MonkeyLeavesAnimalPreyForPredators(prey: Fish)" computerName="MATTHEWPC" duration="00:00:00.0002022" startTime="2026-09-19T22:21:55.1962615-07:00" endTime="2026-09-19T22:21:55.1964317-07:00" testType="13cdc9d9-ddb5-4fa4-a97d-d965ccfc6d4b" outcome="Passed" testListId="8c84fa94-04c1-424b-9868-57a2d4851a1d" relativeResultsDirectory="526e5c80-540c-4f79-b1bb-3e9b744f1940" />
    <UnitTestResult executionId="275d36b8-9b5b-4da2-80ea-a372014e6495" testId="15a362b4-1c6b-5189-88f7-0e2ce827951f" testName="Newt.Simulation.Tests.SimulationWorldTests.CoastalFeedingReflectsTerrainProductivityWithinSixteenSeconds(terrain: Shallows, expectedCount: 2, expectedParentEnergy: 2)" computerName="MATTHEWPC" duration="00:00:00.0003225" startTime="2026-09-19T22:21:55.1463887-07:00" endTime="2026-09-19T22:21:55.1464037-07:00" testType="13cdc9d9-ddb5-4fa4-a97d-d965ccfc6d4b" outcome="Failed" testListId="8c84fa94-04c1-424b-9868-57a2d4851a1d" relativeResultsDirectory="275d36b8-9b5b-4da2-80ea-a372014e6495">
      <Output>
        <ErrorInfo>
          <Message>Assert.Equal() Failure: Values differ&#xD;
Expected: 2&#xD;
Actual:   4</Message>
          <StackTrace>   at Newt.Simulation.Tests.SimulationWorldTests.CoastalFeedingReflectsTerrainProductivityWithinSixteenSeconds(Terrain terrain, Int32 expectedCount, Int32 expectedParentEnergy) in C:\Users\1Matt\Desktop\Newt\tests\Newt.Simulation.Tests\SimulationWorldTests.cs:line 1090&#xD;
   at System.Reflection.MethodBaseInvoker.InterpretedInvoke_Method(Object obj, IntPtr* args)&#xD;
   at System.Reflection.MethodBaseInvoker.InvokeDirectByRefWithFewArgs(Object obj, Span`1 copyOfArgs, BindingFlags invokeAttr)</StackTrace>
        </ErrorInfo>
      </Output>
    </UnitTestResult>
    <UnitTestResult executionId="18b7cd8f-37d4-4e89-93fd-2c07ff36160d" testId="b3aeb5de-3139-d495-1f9d-4e92ddafc650" testName="Newt.Simulation.Tests.SimulationWorldTests.WormRejectsFreshwaterOnlyHabitatLikeTrilobite(water: FreshwaterLake)" computerName="MATTHEWPC" duration="00:00:00.0000707" startTime="2026-09-19T22:21:55.2277691-07:00" endTime="2026-09-19T22:21:55.2277854-07:00" testType="13cdc9d9-ddb5-4fa4-a97d-d965ccfc6d4b" outcome="Passed" testListId="8c84fa94-04c1-424b-9868-57a2d4851a1d" relativeResultsDirectory="18b7cd8f-37d4-4e89-93fd-2c07ff36160d" />
    <UnitTestResult executionId="d366f5ac-4f01-4355-aa26-b5c344c6f753" testId="f193e1f0-986e-64eb-c650-cdb9ca47ed1e" testName="Newt.Simulation.Tests.SimulationWorldTests.PlayerSpawnBypassesHabitatWithoutWeakeningNormalAddition(species: Plankton, incompatibleTerrain: Mountain)" computerName="MATTHEWPC" duration="00:00:00.0001542" startTime="2026-09-19T22:21:55.1860498-07:00" endTime="2026-09-19T22:21:55.1860880-07:00" testType="13cdc9d9-ddb5-4fa4-a97d-d965ccfc6d4b" outcome="Passed" testListId="8c84fa94-04c1-424b-9868-57a2d4851a1d" relativeResultsDirectory="d366f5ac-4f01-4355-aa26-b5c344c6f753" />
    <UnitTestResult executionId="e208d708-0eca-4510-b5f1-6439607356ff" testId="a478828b-e8fe-c860-1850-14bf03312fd1" testName="Newt.Simulation.Tests.SimulationWorldTests.ToothedWhaleHuntsPredatorsThroughCombat(prey: MegaToad)" computerName="MATTHEWPC" duration="00:00:00.0001153" startTime="2026-09-19T22:21:55.1120623-07:00" endTime="2026-09-19T22:21:55.1120765-07:00" testType="13cdc9d9-ddb5-4fa4-a97d-d965ccfc6d4b" outcome="Passed" testListId="8c84fa94-04c1-424b-9868-57a2d4851a1d" relativeResultsDirectory="e208d708-0eca-4510-b5f1-6439607356ff" />
    <UnitTestResult executionId="b315c26c-4050-48b0-9b90-42afd331595a" testId="1f897bdf-c800-d44b-fe3a-4add59edc9cc" testName="Newt.Simulation.Tests.SimulationWorldTests.EveryCritterSpeciesCanOccupyAnIceSheet" computerName="MATTHEWPC" duration="00:00:00.0001541" startTime="2026-09-19T22:21:55.2282015-07:00" endTime="2026-09-19T22:21:55.2282176-07:00" testType="13cdc9d9-ddb5-4fa4-a97d-d965ccfc6d4b" outcome="Passed" testListId="8c84fa94-04c1-424b-9868-57a2d4851a1d" relativeResultsDirectory="b315c26c-4050-48b0-9b90-42afd331595a" />
    <UnitTestResult executionId="99aeba1e-24f9-4459-a2f6-7d91bf1d3326" testId="1f012bc6-ae92-d0ff-c810-c3ff6a9ac5b8" testName="Newt.Simulation.Tests.SimulationWorldTests.LandDwellerPresetAllowsConfiguredTerrainAndRivers(terrain: Ice)" computerName="MATTHEWPC" duration="00:00:00.0001303" startTime="2026-09-19T22:21:55.1402240-07:00" endTime="2026-09-19T22:21:55.1403573-07:00" testType="13cdc9d9-ddb5-4fa4-a97d-d965ccfc6d4b" outcome="Passed" testListId="8c84fa94-04c1-424b-9868-57a2d4851a1d" relativeResultsDirectory="99aeba1e-24f9-4459-a2f6-7d91bf1d3326" />
    <UnitTestResult executionId="460f7b4e-f74d-483b-9dba-6e982da2a8ea" testId="19940c7d-7c34-a074-73c5-d03dbe3a3d8e" testName="Newt.Simulation.Tests.SimulationWorldTests.AdjacentOnlyPreyHasNoPriorityOverEquallyCloseOrdinaryPrey(predator: Ape, adjacentOnlyPrey: Crab, ordinaryPrey: Newt)" computerName="MATTHEWPC" duration="00:00:00.0002191" startTime="2026-09-19T22:21:55.1554838-07:00" endTime="2026-09-19T22:21:55.1555800-07:00" testType="13cdc9d9-ddb5-4fa4-a97d-d965ccfc6d4b" outcome="Passed" testListId="8c84fa94-04c1-424b-9868-57a2d4851a1d" relativeResultsDirectory="460f7b4e-f74d-483b-9dba-6e982da2a8ea" />
    <UnitTestResult executionId="0378bdd6-c88b-4153-808f-45a2de9bbb91" testId="e19155b9-9d5b-0b47-f392-5c32188a0dcc" testName="Newt.Simulation.Tests.SimulationWorldTests.TherapsidCanFightBackWithoutExpandingItsHuntingDiet" computerName="MATTHEWPC" duration="00:00:00.0000621" startTime="2026-09-19T22:21:55.2293029-07:00" endTime="2026-09-19T22:21:55.2293213-07:00" testType="13cdc9d9-ddb5-4fa4-a97d-d965ccfc6d4b" outcome="Passed" testListId="8c84fa94-04c1-424b-9868-57a2d4851a1d" relativeResultsDirectory="0378bdd6-c88b-4153-808f-45a2de9bbb91" />
    <UnitTestResult executionId="e51eb8a3-c1b5-47f3-8865-8a3faa8461da" testId="4dafa00a-f17e-d42c-1912-ef3f104163ef" testName="Newt.Simulation.Tests.SimulationWorldTests.SquidReproductionProducesAnEgg" computerName="MATTHEWPC" duration="00:00:00.0001132" startTime="2026-09-19T22:21:55.1958029-07:00" endTime="2026-09-19T22:21:55.1958207-07:00" testType="13cdc9d9-ddb5-4fa4-a97d-d965ccfc6d4b" outcome="Passed" testListId="8c84fa94-04c1-424b-9868-57a2d4851a1d" relativeResultsDirectory="e51eb8a3-c1b5-47f3-8865-8a3faa8461da" />
    <UnitTestResult executionId="ef62123c-4ca4-480b-8e8f-87fa42b05896" testId="95fc0db8-2fb0-e966-9538-e4553987b0eb" testName="Newt.Simulation.Tests.SimulationWorldTests.MonkeyLeavesAnimalPreyForPredators(prey: Crab)" computerName="MATTHEWPC" duration="00:00:00.0000632" startTime="2026-09-19T22:21:55.1967572-07:00" endTime="2026-09-19T22:21:55.1967755-07:00" testType="13cdc9d9-ddb5-4fa4-a97d-d965ccfc6d4b" outcome="Passed" testListId="8c84fa94-04c1-424b-9868-57a2d4851a1d" relativeResultsDirectory="ef62123c-4ca4-480b-8e8f-87fa42b05896" />
    <UnitTestResult executionId="79265e3a-cd67-4d7f-8369-3967f663635d" testId="4a1c2d8f-2ec2-c2b9-8df3-54ed885678ff" testName="Newt.Simulation.Tests.SimulationWorldTests.SeaScorpionHuntsItsAquaticPrey(prey: Newt, expectedEnergy: 7)" computerName="MATTHEWPC" duration="00:00:00.0000399" startTime="2026-09-19T22:21:55.1693174-07:00" endTime="2026-09-19T22:21:55.1693319-07:00" testType="13cdc9d9-ddb5-4fa4-a97d-d965ccfc6d4b" outcome="Passed" testListId="8c84fa94-04c1-424b-9868-57a2d4851a1d" relativeResultsDirectory="79265e3a-cd67-4d7f-8369-3967f663635d" />
    <UnitTestResult executionId="49dfa831-bf07-4241-b6aa-63a028b5a833" testId="ae1ac470-8d69-7974-88ab-b4f2867f0531" testName="Newt.Simulation.Tests.SimulationWorldTests.OccupiedTileRejectsAnotherCritter" computerName="MATTHEWPC" duration="00:00:00.0005125" startTime="2026-09-19T22:21:55.1651634-07:00" endTime="2026-09-19T22:21:55.1655793-07:00" testType="13cdc9d9-ddb5-4fa4-a97d-d965ccfc6d4b" outcome="Passed" testListId="8c84fa94-04c1-424b-9868-57a2d4851a1d" relativeResultsDirectory="49dfa831-bf07-4241-b6aa-63a028b5a833" />
    <UnitTestResult executionId="eeed9292-122c-4638-bc66-3f6757819e68" testId="903c56a2-e473-1263-61a3-a79e2f8345e6" testName="Newt.Simulation.Tests.SimulationWorldTests.MonkeyLeavesAnimalPreyForPredators(prey: Newt)" computerName="MATTHEWPC" duration="00:00:00.0003477" startTime="2026-09-19T22:21:55.1958534-07:00" endTime="2026-09-19T22:21:55.1962079-07:00" testType="13cdc9d9-ddb5-4fa4-a97d-d965ccfc6d4b" outcome="Passed" testListId="8c84fa94-04c1-424b-9868-57a2d4851a1d" relativeResultsDirectory="eeed9292-122c-4638-bc66-3f6757819e68" />
    <UnitTestResult executionId="e3e4004f-4b5a-4363-a232-78ccc54ccfed" testId="be5b1f16-8f4c-473a-0b4c-59b8499abbbe" testName="Newt.Simulation.Tests.SimulationWorldTests.SquidHuntsItsAquaticPrey(prey: Fish, expectedEnergy: 8)" computerName="MATTHEWPC" duration="00:00:00.0008487" startTime="2026-09-19T22:21:55.1122213-07:00" endTime="2026-09-19T22:21:55.1122367-07:00" testType="13cdc9d9-ddb5-4fa4-a97d-d965ccfc6d4b" outcome="Passed" testListId="8c84fa94-04c1-424b-9868-57a2d4851a1d" relativeResultsDirectory="e3e4004f-4b5a-4363-a232-78ccc54ccfed" />
    <UnitTestResult executionId="05d619de-c4d0-4321-a0ae-aaa90aba1d71" testId="5f2d590b-7930-a439-7e6a-7844c7a659d8" testName="Newt.Simulation.Tests.SimulationWorldTests.TherapsidDoesNotHuntItsOwnOffspringSpecies" computerName="MATTHEWPC" duration="00:00:00.0001455" startTime="2026-09-19T22:21:55.1968633-07:00" endTime="2026-09-19T22:21:55.1968773-07:00" testType="13cdc9d9-ddb5-4fa4-a97d-d965ccfc6d4b" outcome="Passed" testListId="8c84fa94-04c1-424b-9868-57a2d4851a1d" relativeResultsDirectory="05d619de-c4d0-4321-a0ae-aaa90aba1d71" />
    <UnitTestResult executionId="923b1e40-1dfa-493b-8870-bdccb05fa5db" testId="f9d28cf7-1cbd-b717-6691-035cf359186c" testName="Newt.Simulation.Tests.SimulationWorldTests.LargerCrittersCanDisplaceSmallerCritters(mover: Worm, blocker: Plankton, expected: True)" computerName="MATTHEWPC" duration="00:00:00.0000005" startTime="2026-09-19T22:21:55.1685468-07:00" endTime="2026-09-19T22:21:55.1685725-07:00" testType="13cdc9d9-ddb5-4fa4-a97d-d965ccfc6d4b" outcome="Passed" testListId="8c84fa94-04c1-424b-9868-57a2d4851a1d" relativeResultsDirectory="923b1e40-1dfa-493b-8870-bdccb05fa5db" />
    <UnitTestResult executionId="7875c3ff-ba2a-446f-8a1f-43e0c49c29f3" testId="5cc96bfa-d1b3-fb3d-f187-5849fe24f760" testName="Newt.Simulation.Tests.SimulationWorldTests.HungryTherapsidForagesOnlyInSupportedBiomes(biome: Bog, expectedEnergy: 4)" computerName="MATTHEWPC" duration="00:00:00.0009840" startTime="2026-09-19T22:21:55.0930984-07:00" endTime="2026-09-19T22:21:55.0931361-07:00" testType="13cdc9d9-ddb5-4fa4-a97d-d965ccfc6d4b" outcome="Passed" testListId="8c84fa94-04c1-424b-9868-57a2d4851a1d" relativeResultsDirectory="7875c3ff-ba2a-446f-8a1f-43e0c49c29f3" />
    <UnitTestResult executionId="6b089604-bc85-4369-9a33-4d37fa0e7e6c" testId="6491aa15-b990-ed6a-d333-11f6dab0f1f6" testName="Newt.Simulation.Tests.SimulationWorldTests.PlayerSpawnBypassesHabitatWithoutWeakeningNormalAddition(species: Ape, incompatibleTerrain: DeepOcean)" computerName="MATTHEWPC" duration="00:00:00.0000041" startTime="2026-09-19T22:21:55.1861109-07:00" endTime="2026-09-19T22:21:55.1861244-07:00" testType="13cdc9d9-ddb5-4fa4-a97d-d965ccfc6d4b" outcome="Passed" testListId="8c84fa94-04c1-424b-9868-57a2d4851a1d" relativeResultsDirectory="6b089604-bc85-4369-9a33-4d37fa0e7e6c" />
    <UnitTestResult executionId="dbf225e3-5bbe-4de4-9df8-a59e019f948f" testId="9022e190-346f-37c3-f616-46253b04b22f" testName="Newt.Simulation.Tests.SimulationWorldTests.TerrestrialPreyFleeFromSpeciesThatCanEatThem(prey: Elk, movementSeconds: 4)" computerName="MATTHEWPC" duration="00:00:00.0034461" startTime="2026-09-19T22:21:55.1134835-07:00" endTime="2026-09-19T22:21:55.1134969-07:00" testType="13cdc9d9-ddb5-4fa4-a97d-d965ccfc6d4b" outcome="Passed" testListId="8c84fa94-04c1-424b-9868-57a2d4851a1d" relativeResultsDirectory="dbf225e3-5bbe-4de4-9df8-a59e019f948f" />
    <UnitTestResult executionId="a6c60ca6-64e6-4c73-bf41-ed3a2150afd3" testId="892a9714-d4b0-dd39-8ad6-04e95ecf0e9c" testName="Newt.Simulation.Tests.SimulationWorldTests.FishForageInShallowsAtAnyTemperature(terrain: Shallows, temperature: 0.800000012, expectedEnergy: 6)" computerName="MATTHEWPC" duration="00:00:00.0005622" startTime="2026-09-19T22:21:55.2192316-07:00" endTime="2026-09-19T22:21:55.2197733-07:00" testType="13cdc9d9-ddb5-4fa4-a97d-d965ccfc6d4b" outcome="Failed" testListId="8c84fa94-04c1-424b-9868-57a2d4851a1d" relativeResultsDirectory="a6c60ca6-64e6-4c73-bf41-ed3a2150afd3">
      <Output>
        <ErrorInfo>
          <Message>Assert.Equal() Failure: Values differ&#xD;
Expected: 6&#xD;
Actual:   3</Message>
          <StackTrace>   at Newt.Simulation.Tests.SimulationWorldTests.FishForageInShallowsAtAnyTemperature(Terrain terrain, Single temperature, Int32 expectedEnergy) in C:\Users\1Matt\Desktop\Newt\tests\Newt.Simulation.Tests\SimulationWorldTests.cs:line 1732&#xD;
   at InvokeStub_SimulationWorldTests.FishForageInShallowsAtAnyTemperature(Object, Span`1)&#xD;
   at System.Reflection.MethodBaseInvoker.InvokeWithFewArgs(Object obj, BindingFlags invokeAttr, Binder binder, Object[] parameters, CultureInfo culture)</StackTrace>
        </ErrorInfo>
      </Output>
    </UnitTestResult>
    <UnitTestResult executionId="d485c320-d1d4-41c8-b431-1829d63a3595" testId="a9ba106a-34fe-a235-a3f8-6b18ee752f61" testName="Newt.Simulation.Tests.SimulationWorldTests.CrabCanOccupyFreshwaterWithoutEatingItsNutrition(water: FreshwaterLake, biome: Grassland)" computerName="MATTHEWPC" duration="00:00:00.0001291" startTime="2026-09-19T22:21:55.1343012-07:00" endTime="2026-09-19T22:21:55.1343758-07:00" testType="13cdc9d9-ddb5-4fa4-a97d-d965ccfc6d4b" outcome="Passed" testListId="8c84fa94-04c1-424b-9868-57a2d4851a1d" relativeResultsDirectory="d485c320-d1d4-41c8-b431-1829d63a3595" />
    <UnitTestResult executionId="1f7cb00c-1a96-48f8-ae97-8d4f1cad20cc" testId="a03287ac-4833-e4d5-8bec-728dedf0ab2b" testName="Newt.Simulation.Tests.SimulationWorldTests.PlanktonMovementIsStaggeredAcrossItsTenSecondInterval" computerName="MATTHEWPC" duration="00:00:00.0036876" startTime="2026-09-19T22:21:55.1800703-07:00" endTime="2026-09-19T22:21:55.1833739-07:00" testType="13cdc9d9-ddb5-4fa4-a97d-d965ccfc6d4b" outcome="Passed" testListId="8c84fa94-04c1-424b-9868-57a2d4851a1d" relativeResultsDirectory="1f7cb00c-1a96-48f8-ae97-8d4f1cad20cc" />
    <UnitTestResult executionId="06bb405b-f453-4fa5-b2c3-d49262dbeedf" testId="f2809eac-f9b1-d343-ca0b-0e6b87b0c703" testName="Newt.Simulation.Tests.SimulationWorldTests.MonkeyIsNotAPredator" computerName="MATTHEWPC" duration="00:00:00.0000585" startTime="2026-09-19T22:21:55.2432390-07:00" endTime="2026-09-19T22:21:55.2432761-07:00" testType="13cdc9d9-ddb5-4fa4-a97d-d965ccfc6d4b" outcome="Passed" testListId="8c84fa94-04c1-424b-9868-57a2d4851a1d" relativeResultsDirectory="06bb405b-f453-4fa5-b2c3-d49262dbeedf" />
    <UnitTestResult executionId="dd372942-8313-47e7-951b-6a7cca6915f1" testId="d1dc9586-da43-427c-4102-350b4712b46f" testName="Newt.Simulation.Tests.SimulationWorldTests.PlanktonConvertsFourEnergyIntoAnAdjacentOffspring" computerName="MATTHEWPC" duration="00:00:00.0005635" startTime="2026-09-19T22:21:55.2411845-07:00" endTime="2026-09-19T22:21:55.2417553-07:00" testType="13cdc9d9-ddb5-4fa4-a97d-d965ccfc6d4b" outcome="Passed" testListId="8c84fa94-04c1-424b-9868-57a2d4851a1d" relativeResultsDirectory="dd372942-8313-47e7-951b-6a7cca6915f1" />
    <UnitTestResult executionId="b5a4bd70-47a7-4dce-aa3b-a28e2e002ca9" testId="a0892655-e284-a0df-6aff-4a266d4c5f5a" testName="Newt.Simulation.Tests.SimulationWorldTests.WolfUsesTheMegaToadDiet(prey: Trilobite, expectedEnergy: 9)" computerName="MATTHEWPC" duration="00:00:00.0000356" startTime="2026-09-19T22:21:55.1414590-07:00" endTime="2026-09-19T22:21:55.1414882-07:00" testType="13cdc9d9-ddb5-4fa4-a97d-d965ccfc6d4b" outcome="Passed" testListId="8c84fa94-04c1-424b-9868-57a2d4851a1d" relativeResultsDirectory="b5a4bd70-47a7-4dce-aa3b-a28e2e002ca9" />
    <UnitTestResult executionId="ea769417-b7d2-490c-94c8-c84fd3a28f58" testId="58528a19-3b8e-1660-aa15-c7905d5305b6" testName="Newt.Simulation.Tests.SimulationWorldTests.LavaBlocksAllNonFlierHabitats(habitat: FreshwaterDweller, terrain: Plains)" computerName="MATTHEWPC" duration="00:00:00.0000020" startTime="2026-09-19T22:21:55.0941686-07:00" endTime="2026-09-19T22:21:55.0941825-07:00" testType="13cdc9d9-ddb5-4fa4-a97d-d965ccfc6d4b" outcome="Passed" testListId="8c84fa94-04c1-424b-9868-57a2d4851a1d" relativeResultsDirectory="ea769417-b7d2-490c-94c8-c84fd3a28f58" />
    <UnitTestResult executionId="db3c60d6-c69b-462f-8ce0-faa71f6bbff1" testId="93a703bb-6aa9-a829-0b79-6790c49ef5f8" testName="Newt.Simulation.Tests.SimulationWorldTests.AdjacentOnlyPreyHasNoPriorityOverEquallyCloseOrdinaryPrey(predator: MegaToad, adjacentOnlyPrey: Monkey, ordinaryPrey: Newt)" computerName="MATTHEWPC" duration="00:00:00.0002186" startTime="2026-09-19T22:21:55.1563166-07:00" endTime="2026-09-19T22:21:55.1564922-07:00" testType="13cdc9d9-ddb5-4fa4-a97d-d965ccfc6d4b" outcome="Passed" testListId="8c84fa94-04c1-424b-9868-57a2d4851a1d" relativeResultsDirectory="db3c60d6-c69b-462f-8ce0-faa71f6bbff1" />
    <UnitTestResult executionId="a6583447-a311-4680-9ea3-22faa9b4da24" testId="3050f8c6-58cb-9c3c-5509-374290babacf" testName="Newt.Simulation.Tests.SimulationWorldTests.LargerCrittersCanDisplaceSmallerCritters(mover: Worm, blocker: Fish, expected: False)" computerName="MATTHEWPC" duration="00:00:00.0000004" startTime="2026-09-19T22:21:55.1684778-07:00" endTime="2026-09-19T22:21:55.1685035-07:00" testType="13cdc9d9-ddb5-4fa4-a97d-d965ccfc6d4b" outcome="Passed" testListId="8c84fa94-04c1-424b-9868-57a2d4851a1d" relativeResultsDirectory="a6583447-a311-4680-9ea3-22faa9b4da24" />
    <UnitTestResult executionId="704fbbbd-2f47-4178-a43e-86c3ad64b5d8" testId="9195013f-92b0-501c-cb4b-3c85fb908a01" testName="Newt.Simulation.Tests.SimulationWorldTests.LandPredatorCanEatDiagonalMonkey(predator: Wolf, acrossMapSeam: False)" computerName="MATTHEWPC" duration="00:00:00.0001548" startTime="2026-09-19T22:21:55.1718680-07:00" endTime="2026-09-19T22:21:55.1720070-07:00" testType="13cdc9d9-ddb5-4fa4-a97d-d965ccfc6d4b" outcome="Passed" testListId="8c84fa94-04c1-424b-9868-57a2d4851a1d" relativeResultsDirectory="704fbbbd-2f47-4178-a43e-86c3ad64b5d8" />
    <UnitTestResult executionId="a2806703-6839-43d9-9586-8729cbfd002f" testId="9a253b3a-4cdf-5084-9a59-c23e01baf75a" testName="Newt.Simulation.Tests.SimulationWorldTests.CrowdedPlanktonKeepsItsReproductionEnergyUntilSpaceOpens" computerName="MATTHEWPC" duration="00:00:00.0007804" startTime="2026-09-19T22:21:55.1836554-07:00" endTime="2026-09-19T22:21:55.1843758-07:00" testType="13cdc9d9-ddb5-4fa4-a97d-d965ccfc6d4b" outcome="Passed" testListId="8c84fa94-04c1-424b-9868-57a2d4851a1d" relativeResultsDirectory="a2806703-6839-43d9-9586-8729cbfd002f" />
    <UnitTestResult executionId="223ffd88-ea6b-468a-b83c-dc501ecd2561" testId="50eeba09-b88b-fee7-53e4-4385e570458c" testName="Newt.Simulation.Tests.SimulationWorldTests.FishFleesSpeciesThatCanEatIt(predator: Squid)" computerName="MATTHEWPC" duration="00:00:00.0001720" startTime="2026-09-19T22:21:55.1784268-07:00" endTime="2026-09-19T22:21:55.1785944-07:00" testType="13cdc9d9-ddb5-4fa4-a97d-d965ccfc6d4b" outcome="Passed" testListId="8c84fa94-04c1-424b-9868-57a2d4851a1d" relativeResultsDirectory="223ffd88-ea6b-468a-b83c-dc501ecd2561" />
    <UnitTestResult executionId="b35419ec-6b75-4130-b148-dedd2c4335b5" testId="964200c0-d43f-9c3e-04a7-85b43b0584a3" testName="Newt.Simulation.Tests.SimulationWorldTests.GrazerReproductionDoesNotRequireOpenCardinalNeighbors(species: Gazelle)" computerName="MATTHEWPC" duration="00:00:00.0001361" startTime="2026-09-19T22:21:55.1138757-07:00" endTime="2026-09-19T22:21:55.1138894-07:00" testType="13cdc9d9-ddb5-4fa4-a97d-d965ccfc6d4b" outcome="Passed" testListId="8c84fa94-04c1-424b-9868-57a2d4851a1d" relativeResultsDirectory="b35419ec-6b75-4130-b148-dedd2c4335b5" />
    <UnitTestResult executionId="0135d689-fbb7-4374-ba56-fc9e8c3f66fa" testId="4300fdde-f04e-ddb7-f51c-52dc5574c1e2" testName="Newt.Simulation.Tests.SimulationWorldTests.JumpStartFillsEveryEmptyDeepOceanTileWithPlankton" computerName="MATTHEWPC" duration="00:00:00.0008323" startTime="2026-09-19T22:21:55.2232668-07:00" endTime="2026-09-19T22:21:55.2240598-07:00" testType="13cdc9d9-ddb5-4fa4-a97d-d965ccfc6d4b" outcome="Passed" testListId="8c84fa94-04c1-424b-9868-57a2d4851a1d" relativeResultsDirectory="0135d689-fbb7-4374-ba56-fc9e8c3f66fa" />
    <UnitTestResult executionId="91a0a9bd-292b-4168-b6eb-bef51e2324ec" testId="6a564f92-3f86-90a0-7595-65734b77d880" testName="Newt.Simulation.Tests.SimulationWorldTests.ManualEvolutionMovesUpAndDownTheTreeWithoutMovingTheCritter" computerName="MATTHEWPC" duration="00:00:00.0031667" startTime="2026-09-19T22:21:55.1144923-07:00" endTime="2026-09-19T22:21:55.1175423-07:00" testType="13cdc9d9-ddb5-4fa4-a97d-d965ccfc6d4b" outcome="Passed" testListId="8c84fa94-04c1-424b-9868-57a2d4851a1d" relativeResultsDirectory="91a0a9bd-292b-4168-b6eb-bef51e2324ec" />
    <UnitTestResult executionId="2123a58c-207c-470d-82a0-e9eccf90590c" testId="b8b7704a-131b-3030-9a3f-868b87130e3b" testName="Newt.Simulation.Tests.SimulationWorldTests.NautilusFeedsInDeepOceanAndShallows(terrain: Ocean, expectedEnergy: 3)" computerName="MATTHEWPC" duration="00:00:00.0002725" startTime="2026-09-19T22:21:55.1322935-07:00" endTime="2026-09-19T22:21:55.1323079-07:00" testType="13cdc9d9-ddb5-4fa4-a97d-d965ccfc6d4b" outcome="Passed" testListId="8c84fa94-04c1-424b-9868-57a2d4851a1d" relativeResultsDirectory="2123a58c-207c-470d-82a0-e9eccf90590c" />
    <UnitTestResult executionId="dda28391-9d18-4da2-a8eb-aece29e821a4" testId="ca2a90fc-af0c-1fe4-6784-86c1691e754e" testName="Newt.Simulation.Tests.SimulationWorldTests.SeaScorpionHuntsGrazersThatWanderOntoBeaches(prey: Gazelle)" computerName="MATTHEWPC" duration="00:00:00.0000388" startTime="2026-09-19T22:21:55.1495529-07:00" endTime="2026-09-19T22:21:55.1495699-07:00" testType="13cdc9d9-ddb5-4fa4-a97d-d965ccfc6d4b" outcome="Passed" testListId="8c84fa94-04c1-424b-9868-57a2d4851a1d" relativeResultsDirectory="dda28391-9d18-4da2-a8eb-aece29e821a4" />
    <UnitTestResult executionId="99f74ae2-d2b6-49b2-b83a-ae9f5d694add" testId="04e8d6bf-1ca1-7b11-f8a2-b31550bcf288" testName="Newt.Simulation.Tests.SimulationWorldTests.SameSeedProducesSameMovement" computerName="MATTHEWPC" duration="00:00:00.0018633" startTime="2026-09-19T22:21:55.2604270-07:00" endTime="2026-09-19T22:21:55.2622579-07:00" testType="13cdc9d9-ddb5-4fa4-a97d-d965ccfc6d4b" outcome="Passed" testListId="8c84fa94-04c1-424b-9868-57a2d4851a1d" relativeResultsDirectory="99f74ae2-d2b6-49b2-b83a-ae9f5d694add" />
    <UnitTestResult executionId="3cfebc46-07ea-4dfb-ad36-ac955f82462b" testId="a1c5de94-cb79-4720-6d82-79d0bb95af6c" testName="Newt.Simulation.Tests.SimulationWorldTests.TherapsidDefendsItselfWhenAttacked(predator: Wolf, movementSeconds: 3)" computerName="MATTHEWPC" duration="00:00:00.0001858" startTime="2026-09-19T22:21:55.1677669-07:00" endTime="2026-09-19T22:21:55.1679504-07:00" testType="13cdc9d9-ddb5-4fa4-a97d-d965ccfc6d4b" outcome="Passed" testListId="8c84fa94-04c1-424b-9868-57a2d4851a1d" relativeResultsDirectory="3cfebc46-07ea-4dfb-ad36-ac955f82462b" />
    <UnitTestResult executionId="4bac511f-bc76-4e0d-92a4-2c7f9bee2377" testId="7e27223a-e2e0-f771-26c6-607e1c3f9634" testName="Newt.Simulation.Tests.SimulationWorldTests.GrazersFeedOnlyFromTheirSupportedBiomes(species: Deer, biome: Taiga, feedingSeconds: 18, expectedEnergy: 4)" computerName="MATTHEWPC" duration="00:00:00.0001649" startTime="2026-09-19T22:21:55.1329377-07:00" endTime="2026-09-19T22:21:55.1329511-07:00" testType="13cdc9d9-ddb5-4fa4-a97d-d965ccfc6d4b" outcome="Passed" testListId="8c84fa94-04c1-424b-9868-57a2d4851a1d" relativeResultsDirectory="4bac511f-bc76-4e0d-92a4-2c7f9bee2377" />
    <UnitTestResult executionId="724f1f03-28c9-45e6-959b-ef9d1de22530" testId="ed20f99c-7de5-61e4-5bf9-dea3018fad4b" testName="Newt.Simulation.Tests.SimulationWorldTests.WormsAndTrilobitesPushThroughDensePlanktonBlooms(species: Worm)" computerName="MATTHEWPC" duration="00:00:00.0002338" startTime="2026-09-19T22:21:55.1418546-07:00" endTime="2026-09-19T22:21:55.1418681-07:00" testType="13cdc9d9-ddb5-4fa4-a97d-d965ccfc6d4b" outcome="Passed" testListId="8c84fa94-04c1-424b-9868-57a2d4851a1d" relativeResultsDirectory="724f1f03-28c9-45e6-959b-ef9d1de22530" />
    <UnitTestResult executionId="1d5853fa-82ce-4478-8682-f14033255eeb" testId="d4c2514f-68ec-80e7-4887-998825d23af4" testName="Newt.Simulation.Tests.SimulationWorldTests.MegaToadCanEatGrazers(prey: Elk, expectedEnergy: 10)" computerName="MATTHEWPC" duration="00:00:00.0001865" startTime="2026-09-19T22:21:55.1422650-07:00" endTime="2026-09-19T22:21:55.1422802-07:00" testType="13cdc9d9-ddb5-4fa4-a97d-d965ccfc6d4b" outcome="Passed" testListId="8c84fa94-04c1-424b-9868-57a2d4851a1d" relativeResultsDirectory="1d5853fa-82ce-4478-8682-f14033255eeb" />
    <UnitTestResult executionId="e4752b9f-54b8-4e69-947f-07e78f69102f" testId="4bff50f0-a56c-74ac-6c46-90bf7e6b1e57" testName="Newt.Simulation.Tests.SimulationWorldTests.TrilobiteStaysInShallowsToFeedInsteadOfReturningToDeepWater" computerName="MATTHEWPC" duration="00:00:00.0001962" startTime="2026-09-19T22:21:55.1968174-07:00" endTime="2026-09-19T22:21:55.1968315-07:00" testType="13cdc9d9-ddb5-4fa4-a97d-d965ccfc6d4b" outcome="Passed" testListId="8c84fa94-04c1-424b-9868-57a2d4851a1d" relativeResultsDirectory="e4752b9f-54b8-4e69-947f-07e78f69102f" />
    <UnitTestResult executionId="a7afd9b6-ae2a-4882-b54c-b0af5db3bbbb" testId="9f727cab-2d9a-4223-8a37-9ea0fb62cd6a" testName="Newt.Simulation.Tests.SimulationWorldTests.SquidHuntsItsAquaticPrey(prey: Elk, expectedEnergy: 9)" computerName="MATTHEWPC" duration="00:00:00.0002063" startTime="2026-09-19T22:21:55.1121858-07:00" endTime="2026-09-19T22:21:55.1121996-07:00" testType="13cdc9d9-ddb5-4fa4-a97d-d965ccfc6d4b" outcome="Passed" testListId="8c84fa94-04c1-424b-9868-57a2d4851a1d" relativeResultsDirectory="a7afd9b6-ae2a-4882-b54c-b0af5db3bbbb" />
    <UnitTestResult executionId="9b48b549-3e93-41cb-b486-c65c88070f8a" testId="f20c5012-6618-3284-d651-5564766fbe21" testName="Newt.Simulation.Tests.SimulationWorldTests.LavaBlocksAllNonFlierHabitats(habitat: LandDweller, terrain: Plains)" computerName="MATTHEWPC" duration="00:00:00.0001299" startTime="2026-09-19T22:21:55.0940591-07:00" endTime="2026-09-19T22:21:55.0940815-07:00" testType="13cdc9d9-ddb5-4fa4-a97d-d965ccfc6d4b" outcome="Passed" testListId="8c84fa94-04c1-424b-9868-57a2d4851a1d" relativeResultsDirectory="9b48b549-3e93-41cb-b486-c65c88070f8a" />
    <UnitTestResult executionId="b7eb75e0-e83a-4780-8cd0-e411cbb00129" testId="546c7ccf-d080-0930-f533-d6ed94f0132d" testName="Newt.Simulation.Tests.SimulationWorldTests.ReproductionSitesHaveNoSpeciesSpecificTerrainRequirement" computerName="MATTHEWPC" duration="00:00:00.0001107" startTime="2026-09-19T22:21:55.1717682-07:00" endTime="2026-09-19T22:21:55.1718358-07:00" testType="13cdc9d9-ddb5-4fa4-a97d-d965ccfc6d4b" outcome="Passed" testListId="8c84fa94-04c1-424b-9868-57a2d4851a1d" relativeResultsDirectory="b7eb75e0-e83a-4780-8cd0-e411cbb00129" />
    <UnitTestResult executionId="c7fd796c-367a-46e6-a30c-7a371ce03cd8" testId="cad7fa04-016f-1287-841d-db9f2134258d" testName="Newt.Simulation.Tests.SimulationWorldTests.WolfDenChargesAreCappedAtFive" computerName="MATTHEWPC" duration="00:00:00.0001370" startTime="2026-09-19T22:21:55.2409367-07:00" endTime="2026-09-19T22:21:55.2410582-07:00" testType="13cdc9d9-ddb5-4fa4-a97d-d965ccfc6d4b" outcome="Passed" testListId="8c84fa94-04c1-424b-9868-57a2d4851a1d" relativeResultsDirectory="c7fd796c-367a-46e6-a30c-7a371ce03cd8" />
    <UnitTestResult executionId="dbbb9ccf-c1db-492d-a29f-be336d8c08a3" testId="409e6dba-8c67-6cde-b174-4282936b3310" testName="Newt.Simulation.Tests.SimulationWorldTests.CrabCanOccupyFreshwaterWithoutEatingItsNutrition(water: River, biome: Jungle)" computerName="MATTHEWPC" duration="00:00:00.0003659" startTime="2026-09-19T22:21:55.1333534-07:00" endTime="2026-09-19T22:21:55.1336813-07:00" testType="13cdc9d9-ddb5-4fa4-a97d-d965ccfc6d4b" outcome="Passed" testListId="8c84fa94-04c1-424b-9868-57a2d4851a1d" relativeResultsDirectory="dbbb9ccf-c1db-492d-a29f-be336d8c08a3" />
    <UnitTestResult executionId="f97aae52-75ba-4232-ad6b-aab6d0128286" testId="825d5171-2f51-7036-79fb-605b0aea7472" testName="Newt.Simulation.Tests.SimulationWorldTests.JellyfishDoesNotConsumeWormsOrFish(protectedSpecies: Fish)" computerName="MATTHEWPC" duration="00:00:00.0004507" startTime="2026-09-19T22:21:55.1133040-07:00" endTime="2026-09-19T22:21:55.1133177-07:00" testType="13cdc9d9-ddb5-4fa4-a97d-d965ccfc6d4b" outcome="Passed" testListId="8c84fa94-04c1-424b-9868-57a2d4851a1d" relativeResultsDirectory="f97aae52-75ba-4232-ad6b-aab6d0128286" />
    <UnitTestResult executionId="af8aba4f-6b97-4fa4-ab9b-29153bad4e1c" testId="fcb0aebd-6015-9dd4-ab16-03f55dd68853" testName="Newt.Simulation.Tests.SimulationWorldTests.LargerCrittersCanDisplaceSmallerCritters(mover: Deer, blocker: Wolf, expected: False)" computerName="MATTHEWPC" duration="00:00:00.0000627" startTime="2026-09-19T22:21:55.1679817-07:00" endTime="2026-09-19T22:21:55.1680368-07:00" testType="13cdc9d9-ddb5-4fa4-a97d-d965ccfc6d4b" outcome="Passed" testListId="8c84fa94-04c1-424b-9868-57a2d4851a1d" relativeResultsDirectory="af8aba4f-6b97-4fa4-ab9b-29153bad4e1c" />
    <UnitTestResult executionId="8b71f0fd-6074-4533-8402-fc307537827f" testId="091d629c-4767-cc83-fbc8-ac762afc6eeb" testName="Newt.Simulation.Tests.SimulationWorldTests.LandDwellerPresetAllowsConfiguredTerrainAndRivers(terrain: Hills)" computerName="MATTHEWPC" duration="00:00:00.0000005" startTime="2026-09-19T22:21:55.1406854-07:00" endTime="2026-09-19T22:21:55.1407149-07:00" testType="13cdc9d9-ddb5-4fa4-a97d-d965ccfc6d4b" outcome="Passed" testListId="8c84fa94-04c1-424b-9868-57a2d4851a1d" relativeResultsDirectory="8b71f0fd-6074-4533-8402-fc307537827f" />
    <UnitTestResult executionId="51ea8dcf-35ec-486b-afdd-0bb37d933839" testId="bf35111a-c4d1-3153-6cd8-355bcb7276e6" testName="Newt.Simulation.Tests.SimulationWorldTests.JellyfishAreNotPreyForActiveMarineHunters(predator: Squid)" computerName="MATTHEWPC" duration="00:00:00.0002591" startTime="2026-09-19T22:21:55.1384292-07:00" endTime="2026-09-19T22:21:55.1386299-07:00" testType="13cdc9d9-ddb5-4fa4-a97d-d965ccfc6d4b" outcome="Passed" testListId="8c84fa94-04c1-424b-9868-57a2d4851a1d" relativeResultsDirectory="51ea8dcf-35ec-486b-afdd-0bb37d933839" />
    <UnitTestResult executionId="a44c6cad-f2eb-4892-817b-09e372cf6a1b" testId="ba435591-50d9-e4d2-dac0-3b2ca3e8f126" testName="Newt.Simulation.Tests.SimulationWorldTests.LavaBlocksAllNonFlierHabitats(habitat: OceanDweller, terrain: Ocean)" computerName="MATTHEWPC" duration="00:00:00.0001745" startTime="2026-09-19T22:21:55.0941290-07:00" endTime="2026-09-19T22:21:55.0941441-07:00" testType="13cdc9d9-ddb5-4fa4-a97d-d965ccfc6d4b" outcome="Passed" testListId="8c84fa94-04c1-424b-9868-57a2d4851a1d" relativeResultsDirectory="a44c6cad-f2eb-4892-817b-09e372cf6a1b" />
    <UnitTestResult executionId="cb77b4d1-42f8-4fef-82bd-ed0a33549180" testId="0ada13e3-a2d1-000d-2b19-605a4ccc8d17" testName="Newt.Simulation.Tests.SimulationWorldTests.CrabCanPlaceOffspringInAnyValidHabitat" computerName="MATTHEWPC" duration="00:00:00.0003484" startTime="2026-09-19T22:21:55.1851604-07:00" endTime="2026-09-19T22:21:55.1855467-07:00" testType="13cdc9d9-ddb5-4fa4-a97d-d965ccfc6d4b" outcome="Failed" testListId="8c84fa94-04c1-424b-9868-57a2d4851a1d" relativeResultsDirectory="cb77b4d1-42f8-4fef-82bd-ed0a33549180">
      <Output>
        <ErrorInfo>
          <Message>Assert.Equal() Failure: Values differ&#xD;
Expected: 5&#xD;
Actual:   6</Message>
          <StackTrace>   at Newt.Simulation.Tests.SimulationWorldTests.CrabCanPlaceOffspringInAnyValidHabitat() in C:\Users\1Matt\Desktop\Newt\tests\Newt.Simulation.Tests\SimulationWorldTests.cs:line 1144&#xD;
   at System.Reflection.MethodBaseInvoker.InterpretedInvoke_Method(Object obj, IntPtr* args)&#xD;
   at System.Reflection.MethodBaseInvoker.InvokeWithNoArgs(Object obj, BindingFlags invokeAttr)</StackTrace>
        </ErrorInfo>
      </Output>
    </UnitTestResult>
    <UnitTestResult executionId="b28c3228-3ade-4c40-aa72-de3b67361c6b" testId="f0d2bd6a-6ef0-24ef-1699-240d23923984" testName="Newt.Simulation.Tests.SimulationWorldTests.WolfReproductionCreatesAChargedHillDenInsteadOfAnImmediatePup" computerName="MATTHEWPC" duration="00:00:00.0004861" startTime="2026-09-19T22:21:55.2573908-07:00" endTime="2026-09-19T22:21:55.2578457-07:00" testType="13cdc9d9-ddb5-4fa4-a97d-d965ccfc6d4b" outcome="Passed" testListId="8c84fa94-04c1-424b-9868-57a2d4851a1d" relativeResultsDirectory="b28c3228-3ade-4c40-aa72-de3b67361c6b" />
    <UnitTestResult executionId="e8a64d5f-a506-4b0f-a1ff-2c69c971735e" testId="935e45d2-cfb0-09a8-03cf-95b473d60e99" testName="Newt.Simulation.Tests.SimulationWorldTests.MegaToadCanEatGrazers(prey: Deer, expectedEnergy: 10)" computerName="MATTHEWPC" duration="00:00:00.0000641" startTime="2026-09-19T22:21:55.1423405-07:00" endTime="2026-09-19T22:21:55.1423540-07:00" testType="13cdc9d9-ddb5-4fa4-a97d-d965ccfc6d4b" outcome="Passed" testListId="8c84fa94-04c1-424b-9868-57a2d4851a1d" relativeResultsDirectory="e8a64d5f-a506-4b0f-a1ff-2c69c971735e" />
    <UnitTestResult executionId="5ac9c5f9-68b1-4814-a33d-e07143ce0e18" testId="2ecb6ea5-70cb-ee51-f032-5b2ecb45df80" testName="Newt.Simulation.Tests.SimulationWorldTests.ToothedWhaleHuntsPredatorsThroughCombat(prey: Wolf)" computerName="MATTHEWPC" duration="00:00:00.0004598" startTime="2026-09-19T22:21:55.1119674-07:00" endTime="2026-09-19T22:21:55.1119855-07:00" testType="13cdc9d9-ddb5-4fa4-a97d-d965ccfc6d4b" outcome="Passed" testListId="8c84fa94-04c1-424b-9868-57a2d4851a1d" relativeResultsDirectory="5ac9c5f9-68b1-4814-a33d-e07143ce0e18" />
    <UnitTestResult executionId="adcb082b-0a0b-454b-8e2e-966c98013f97" testId="647f4146-043d-d31e-2d2e-e180eb2ab224" testName="Newt.Simulation.Tests.SimulationWorldTests.GrazersFeedOnlyFromTheirSupportedBiomes(species: Gazelle, biome: Desert, feedingSeconds: 18, expectedEnergy: 4)" computerName="MATTHEWPC" duration="00:00:00.0003802" startTime="2026-09-19T22:21:55.1324342-07:00" endTime="2026-09-19T22:21:55.1324530-07:00" testType="13cdc9d9-ddb5-4fa4-a97d-d965ccfc6d4b" outcome="Passed" testListId="8c84fa94-04c1-424b-9868-57a2d4851a1d" relativeResultsDirectory="adcb082b-0a0b-454b-8e2e-966c98013f97" />
    <UnitTestResult executionId="3dc0c727-c7d9-4301-8b8d-ddc978aaf3a9" testId="979d97bf-d149-190a-5c73-fc12e21e26b0" testName="Newt.Simulation.Tests.SimulationWorldTests.BarrenLandlockedNewtEventuallyStarves" computerName="MATTHEWPC" duration="00:00:00.0033424" startTime="2026-09-19T22:21:55.2293590-07:00" endTime="2026-09-19T22:21:55.2326780-07:00" testType="13cdc9d9-ddb5-4fa4-a97d-d965ccfc6d4b" outcome="Passed" testListId="8c84fa94-04c1-424b-9868-57a2d4851a1d" relativeResultsDirectory="3dc0c727-c7d9-4301-8b8d-ddc978aaf3a9" />
    <UnitTestResult executionId="605c6d0a-6f5a-4f33-82a5-00f70c1aa005" testId="1d15f5ac-deb5-e320-339a-879d6f1e2465" testName="Newt.Simulation.Tests.SimulationWorldTests.LandSpeciesCanOccupyLowlandsCanyonsAndTrenches(species: Deer)" computerName="MATTHEWPC" duration="00:00:00.0000032" startTime="2026-09-19T22:21:55.1443912-07:00" endTime="2026-09-19T22:21:55.1444045-07:00" testType="13cdc9d9-ddb5-4fa4-a97d-d965ccfc6d4b" outcome="Passed" testListId="8c84fa94-04c1-424b-9868-57a2d4851a1d" relativeResultsDirectory="605c6d0a-6f5a-4f33-82a5-00f70c1aa005" />
    <UnitTestResult executionId="db6d5aca-b412-4901-8093-d30fc9898ef0" testId="7b6cca31-a301-db4e-58c3-28fe77d8c8cb" testName="Newt.Simulation.Tests.SimulationWorldTests.EveryCrabPredatorCanPursueItOnlyWhenAdjacent" computerName="MATTHEWPC" duration="00:00:00.0057605" startTime="2026-09-19T22:21:55.2457881-07:00" endTime="2026-09-19T22:21:55.2515050-07:00" testType="13cdc9d9-ddb5-4fa4-a97d-d965ccfc6d4b" outcome="Passed" testListId="8c84fa94-04c1-424b-9868-57a2d4851a1d" relativeResultsDirectory="db6d5aca-b412-4901-8093-d30fc9898ef0" />
    <UnitTestResult executionId="a1955093-6e42-489c-a28d-0788de5855fd" testId="8fabbb3d-b72d-5771-fe69-6f91953b5cb5" testName="Newt.Simulation.Tests.SimulationWorldTests.MegaToadLocallyHuntsFishInShallows" computerName="MATTHEWPC" duration="00:00:00.0001820" startTime="2026-09-19T22:21:55.1899388-07:00" endTime="2026-09-19T22:21:55.1900580-07:00" testType="13cdc9d9-ddb5-4fa4-a97d-d965ccfc6d4b" outcome="Passed" testListId="8c84fa94-04c1-424b-9868-57a2d4851a1d" relativeResultsDirectory="a1955093-6e42-489c-a28d-0788de5855fd" />
    <UnitTestResult executionId="8873d54f-8f35-434c-bd0f-55f4f920ee9a" testId="3b1124c4-66d8-106f-dd7f-54f60d1343e6" testName="Newt.Simulation.Tests.SimulationWorldTests.CrabBreedingHasNoTerrainRestrictionBeyondValidHabitat" computerName="MATTHEWPC" duration="00:00:00.0000947" startTime="2026-09-19T22:21:55.1728853-07:00" endTime="2026-09-19T22:21:55.1728997-07:00" testType="13cdc9d9-ddb5-4fa4-a97d-d965ccfc6d4b" outcome="Passed" testListId="8c84fa94-04c1-424b-9868-57a2d4851a1d" relativeResultsDirectory="8873d54f-8f35-434c-bd0f-55f4f920ee9a" />
    <UnitTestResult executionId="63414825-e3c3-4e7e-b747-a07189442b69" testId="f0bffe7d-4a6f-1892-89f6-e5aac6a0f6e3" testName="Newt.Simulation.Tests.SimulationWorldTests.HungryFishVisitsNearbyShallowsButCanExhaustTheReef" computerName="MATTHEWPC" duration="00:00:00.0024911" startTime="2026-09-19T22:21:55.2581629-07:00" endTime="2026-09-19T22:21:55.2603666-07:00" testType="13cdc9d9-ddb5-4fa4-a97d-d965ccfc6d4b" outcome="Passed" testListId="8c84fa94-04c1-424b-9868-57a2d4851a1d" relativeResultsDirectory="63414825-e3c3-4e7e-b747-a07189442b69" />
    <UnitTestResult executionId="c945fd5b-f058-4edd-8955-f9c4352cea16" testId="7108c08d-2222-c474-ccb8-e74e3545d3c5" testName="Newt.Simulation.Tests.SimulationWorldTests.MegaToadHuntsFishInFreshwater(freshwater: River)" computerName="MATTHEWPC" duration="00:00:00.0001970" startTime="2026-09-19T22:21:55.2231047-07:00" endTime="2026-09-19T22:21:55.2231221-07:00" testType="13cdc9d9-ddb5-4fa4-a97d-d965ccfc6d4b" outcome="Passed" testListId="8c84fa94-04c1-424b-9868-57a2d4851a1d" relativeResultsDirectory="c945fd5b-f058-4edd-8955-f9c4352cea16" />
    <UnitTestResult executionId="40c8b1d9-7e0d-4028-8e97-91ddee5b1920" testId="c7e943e2-823f-fbe5-5ed5-e98933d4416b" testName="Newt.Simulation.Tests.SimulationWorldTests.TrilobiteFeedsInDeepOceanAndShallows(terrain: Ocean, expectedEnergy: 2)" computerName="MATTHEWPC" duration="00:00:00.0001968" startTime="2026-09-19T22:21:55.1978317-07:00" endTime="2026-09-19T22:21:55.1979209-07:00" testType="13cdc9d9-ddb5-4fa4-a97d-d965ccfc6d4b" outcome="Passed" testListId="8c84fa94-04c1-424b-9868-57a2d4851a1d" relativeResultsDirectory="40c8b1d9-7e0d-4028-8e97-91ddee5b1920" />
    <UnitTestResult executionId="30b4e4c4-ed11-437c-97ef-8a3bde5dcb4d" testId="01d37b42-01bf-3201-c7cc-95be8ca71d2a" testName="Newt.Simulation.Tests.SimulationWorldTests.NewbornMegaToadHasAThirtySecondReproductionTruce" computerName="MATTHEWPC" duration="00:00:00.0005910" startTime="2026-09-19T22:21:55.2567695-07:00" endTime="2026-09-19T22:21:55.2573307-07:00" testType="13cdc9d9-ddb5-4fa4-a97d-d965ccfc6d4b" outcome="Passed" testListId="8c84fa94-04c1-424b-9868-57a2d4851a1d" relativeResultsDirectory="30b4e4c4-ed11-437c-97ef-8a3bde5dcb4d" />
    <UnitTestResult executionId="9f27c969-622c-4a9b-8497-d54dc524e68e" testId="98ed534f-4513-73ec-9e4e-51e5e1732831" testName="Newt.Simulation.Tests.SimulationWorldTests.TherapsidHuntsFishAndAdjacentFeederCrabs" computerName="MATTHEWPC" duration="00:00:00.0000541" startTime="2026-09-19T22:21:55.2282960-07:00" endTime="2026-09-19T22:21:55.2283095-07:00" testType="13cdc9d9-ddb5-4fa4-a97d-d965ccfc6d4b" outcome="Passed" testListId="8c84fa94-04c1-424b-9868-57a2d4851a1d" relativeResultsDirectory="9f27c969-622c-4a9b-8497-d54dc524e68e" />
    <UnitTestResult executionId="e2d4394d-5ca1-42c1-bdd5-f6a048f6c493" testId="5ec4e970-a408-ab15-0667-1c77a9c6ecb1" testName="Newt.Simulation.Tests.SimulationWorldTests.LargerCrittersCanDisplaceSmallerCritters(mover: MegaToad, blocker: Deer, expected: True)" computerName="MATTHEWPC" duration="00:00:00.0000007" startTime="2026-09-19T22:21:55.1684097-07:00" endTime="2026-09-19T22:21:55.1684360-07:00" testType="13cdc9d9-ddb5-4fa4-a97d-d965ccfc6d4b" outcome="Passed" testListId="8c84fa94-04c1-424b-9868-57a2d4851a1d" relativeResultsDirectory="e2d4394d-5ca1-42c1-bdd5-f6a048f6c493" />
    <UnitTestResult executionId="09a13e30-36a0-4579-b40b-6dfddb5a255e" testId="604d4d7c-4e96-4fde-4b91-c42e26175407" testName="Newt.Simulation.Tests.SimulationWorldTests.GrazersFeedOnlyFromTheirSupportedBiomes(species: Gazelle, biome: Grassland, feedingSeconds: 18, expectedEnergy: 7)" computerName="MATTHEWPC" duration="00:00:00.0001636" startTime="2026-09-19T22:21:55.1328670-07:00" endTime="2026-09-19T22:21:55.1328809-07:00" testType="13cdc9d9-ddb5-4fa4-a97d-d965ccfc6d4b" outcome="Passed" testListId="8c84fa94-04c1-424b-9868-57a2d4851a1d" relativeResultsDirectory="09a13e30-36a0-4579-b40b-6dfddb5a255e" />
    <UnitTestResult executionId="f9079738-bd6f-40f7-8fa8-c5da3bee89de" testId="5edccd46-ccfd-6bf4-668b-a33b67736d23" testName="Newt.Simulation.Tests.SimulationWorldTests.GrazersFeedOnlyFromTheirSupportedBiomes(species: Deer, biome: Forest, feedingSeconds: 18, expectedEnergy: 8)" computerName="MATTHEWPC" duration="00:00:00.0001813" startTime="2026-09-19T22:21:55.1333027-07:00" endTime="2026-09-19T22:21:55.1333171-07:00" testType="13cdc9d9-ddb5-4fa4-a97d-d965ccfc6d4b" outcome="Passed" testListId="8c84fa94-04c1-424b-9868-57a2d4851a1d" relativeResultsDirectory="f9079738-bd6f-40f7-8fa8-c5da3bee89de" />
    <UnitTestResult executionId="643c1a73-2b16-4f41-85a9-69900130aaf9" testId="71ed5f8c-387d-0104-2c09-468065fca20f" testName="Newt.Simulation.Tests.SimulationWorldTests.WormFeedsFromDetritusInDeepOceanAndShallows" computerName="MATTHEWPC" duration="00:00:00.0007847" startTime="2026-09-19T22:21:55.1353445-07:00" endTime="2026-09-19T22:21:55.1361760-07:00" testType="13cdc9d9-ddb5-4fa4-a97d-d965ccfc6d4b" outcome="Failed" testListId="8c84fa94-04c1-424b-9868-57a2d4851a1d" relativeResultsDirectory="643c1a73-2b16-4f41-85a9-69900130aaf9">
      <Output>
        <ErrorInfo>
          <Message>Assert.Equal() Failure: Values differ&#xD;
Expected: 4&#xD;
Actual:   5</Message>
          <StackTrace>   at Newt.Simulation.Tests.SimulationWorldTests.WormFeedsFromDetritusInDeepOceanAndShallows() in C:\Users\1Matt\Desktop\Newt\tests\Newt.Simulation.Tests\SimulationWorldTests.cs:line 649&#xD;
   at System.Reflection.MethodBaseInvoker.InterpretedInvoke_Method(Object obj, IntPtr* args)&#xD;
   at System.Reflection.MethodBaseInvoker.InvokeWithNoArgs(Object obj, BindingFlags invokeAttr)</StackTrace>
        </ErrorInfo>
      </Output>
    </UnitTestResult>
    <UnitTestResult executionId="4567cef5-9a14-45e8-92ef-a368d0f25a47" testId="f8f33a0a-9f94-6efb-568e-7aabff618afb" testName="Newt.Simulation.Tests.SimulationWorldTests.MegaSpiderDealsTwoCombatDamage" computerName="MATTHEWPC" duration="00:00:00.0000857" startTime="2026-09-19T22:21:55.2405001-07:00" endTime="2026-09-19T22:21:55.2405182-07:00" testType="13cdc9d9-ddb5-4fa4-a97d-d965ccfc6d4b" outcome="Passed" testListId="8c84fa94-04c1-424b-9868-57a2d4851a1d" relativeResultsDirectory="4567cef5-9a14-45e8-92ef-a368d0f25a47" />
    <UnitTestResult executionId="349832c3-e9d1-436e-9a9d-fdc0d6fa2866" testId="c6b6411b-4bc3-6dfa-7c6f-9c65be9b5704" testName="Newt.Simulation.Tests.SimulationWorldTests.LandSpeciesCanOccupyLowlandsCanyonsAndTrenches(species: Crab)" computerName="MATTHEWPC" duration="00:00:00.0000033" startTime="2026-09-19T22:21:55.1445634-07:00" endTime="2026-09-19T22:21:55.1445773-07:00" testType="13cdc9d9-ddb5-4fa4-a97d-d965ccfc6d4b" outcome="Passed" testListId="8c84fa94-04c1-424b-9868-57a2d4851a1d" relativeResultsDirectory="349832c3-e9d1-436e-9a9d-fdc0d6fa2866" />
    <UnitTestResult executionId="8b2e1a63-19dc-4fd0-8438-635c6a502132" testId="c7ba1f19-176f-46cc-1006-f92f406265dd" testName="Newt.Simulation.Tests.SimulationWorldTests.SmallPreyUseSmallerReproductionReserves(species: Worm, maximumEnergy: 7, reproductionThreshold: 5, reproductionCost: 3)" computerName="MATTHEWPC" duration="00:00:00.0000031" startTime="2026-09-19T22:21:55.1368328-07:00" endTime="2026-09-19T22:21:55.1368468-07:00" testType="13cdc9d9-ddb5-4fa4-a97d-d965ccfc6d4b" outcome="Passed" testListId="8c84fa94-04c1-424b-9868-57a2d4851a1d" relativeResultsDirectory="8b2e1a63-19dc-4fd0-8438-635c6a502132" />
    <UnitTestResult executionId="9e96a72f-2c16-4f7a-a4dc-f4046edcab6b" testId="ee1d698c-4711-d8ee-3214-2f53dbe322ad" testName="Newt.Simulation.Tests.SimulationWorldTests.AmphibiansMoveOntoFreshwaterMountainTiles(species: MegaToad, water: FreshwaterLake, movementSeconds: 6)" computerName="MATTHEWPC" duration="00:00:00.0001653" startTime="2026-09-19T22:21:55.2242549-07:00" endTime="2026-09-19T22:21:55.2243750-07:00" testType="13cdc9d9-ddb5-4fa4-a97d-d965ccfc6d4b" outcome="Passed" testListId="8c84fa94-04c1-424b-9868-57a2d4851a1d" relativeResultsDirectory="9e96a72f-2c16-4f7a-a4dc-f4046edcab6b" />
    <UnitTestResult executionId="2bf2ada3-e5de-43a6-b433-a3e858761991" testId="0db23e8c-e5f0-8ee4-48f5-face3e3ab7e0" testName="Newt.Simulation.Tests.SimulationWorldTests.WolfUsesTheMegaToadDiet(prey: Gazelle, expectedEnergy: 10)" computerName="MATTHEWPC" duration="00:00:00.0000324" startTime="2026-09-19T22:21:55.1416907-07:00" endTime="2026-09-19T22:21:55.1417041-07:00" testType="13cdc9d9-ddb5-4fa4-a97d-d965ccfc6d4b" outcome="Passed" testListId="8c84fa94-04c1-424b-9868-57a2d4851a1d" relativeResultsDirectory="2bf2ada3-e5de-43a6-b433-a3e858761991" />
    <UnitTestResult executionId="b6326b4e-4899-4f70-b9b8-26260ddd63b6" testId="ba333fbf-430c-9569-6ce4-fd10f5376287" testName="Newt.Simulation.Tests.SimulationWorldTests.WormsAndTrilobitesFleeVisibleSquid(species: Trilobite)" computerName="MATTHEWPC" duration="00:00:00.0001655" startTime="2026-09-19T22:21:55.1666597-07:00" endTime="2026-09-19T22:21:55.1668237-07:00" testType="13cdc9d9-ddb5-4fa4-a97d-d965ccfc6d4b" outcome="Passed" testListId="8c84fa94-04c1-424b-9868-57a2d4851a1d" relativeResultsDirectory="b6326b4e-4899-4f70-b9b8-26260ddd63b6" />
    <UnitTestResult executionId="a51b49c8-af7c-422c-92e2-7bdb98d77cef" testId="07cff471-6c51-4cf4-0dbb-ff16dffcfae8" testName="Newt.Simulation.Tests.SimulationWorldTests.WolfUsesTheMegaToadDiet(prey: Elk, expectedEnergy: 10)" computerName="MATTHEWPC" duration="00:00:00.0000318" startTime="2026-09-19T22:21:55.1417262-07:00" endTime="2026-09-19T22:21:55.1417407-07:00" testType="13cdc9d9-ddb5-4fa4-a97d-d965ccfc6d4b" outcome="Passed" testListId="8c84fa94-04c1-424b-9868-57a2d4851a1d" relativeResultsDirectory="a51b49c8-af7c-422c-92e2-7bdb98d77cef" />
    <UnitTestResult executionId="d64f1863-4c9a-4442-b382-fa221bbf225a" testId="8ec40ceb-1aee-5c54-3f25-5fb0754146db" testName="Newt.Simulation.Tests.SimulationWorldTests.SeaScorpionOccupiesSaltwaterAndBeachButNotInland" computerName="MATTHEWPC" duration="00:00:00.0001075" startTime="2026-09-19T22:21:55.2241217-07:00" endTime="2026-09-19T22:21:55.2241926-07:00" testType="13cdc9d9-ddb5-4fa4-a97d-d965ccfc6d4b" outcome="Passed" testListId="8c84fa94-04c1-424b-9868-57a2d4851a1d" relativeResultsDirectory="d64f1863-4c9a-4442-b382-fa221bbf225a" />
    <UnitTestResult executionId="446dcb55-e964-49ce-b2dd-62ed7d189a8b" testId="23481c1a-caef-3211-d07d-7eaa0b4181b9" testName="Newt.Simulation.Tests.SimulationWorldTests.WormMovesOntoAndFeedsFromBeachLikeTrilobite" computerName="MATTHEWPC" duration="00:00:00.0002525" startTime="2026-09-19T22:21:55.1717164-07:00" endTime="2026-09-19T22:21:55.1717319-07:00" testType="13cdc9d9-ddb5-4fa4-a97d-d965ccfc6d4b" outcome="Passed" testListId="8c84fa94-04c1-424b-9868-57a2d4851a1d" relativeResultsDirectory="446dcb55-e964-49ce-b2dd-62ed7d189a8b" />
    <UnitTestResult executionId="45e19909-793e-49ee-8d07-5b9bc4d6fb48" testId="faeadea2-adf0-9c21-c70c-266bb8b7ef65" testName="Newt.Simulation.Tests.SimulationWorldTests.FishShovesBlockingNewtWithoutEatingIt" computerName="MATTHEWPC" duration="00:00:00.0019768" startTime="2026-09-19T22:21:55.1133945-07:00" endTime="2026-09-19T22:21:55.1134083-07:00" testType="13cdc9d9-ddb5-4fa4-a97d-d965ccfc6d4b" outcome="Passed" testListId="8c84fa94-04c1-424b-9868-57a2d4851a1d" relativeResultsDirectory="45e19909-793e-49ee-8d07-5b9bc4d6fb48" />
    <UnitTestResult executionId="a4894de0-28b4-4b8c-b3b8-abcb530e7615" testId="e29b30d1-5156-b2d3-b6a3-3b9b78c18e4a" testName="Newt.Simulation.Tests.SimulationWorldTests.DeepOceanIceProvidesForageOnlyToWorms(species: Nautilus, movementSeconds: 6)" computerName="MATTHEWPC" duration="00:00:00.0000560" startTime="2026-09-19T22:21:55.1675685-07:00" endTime="2026-09-19T22:21:55.1675829-07:00" testType="13cdc9d9-ddb5-4fa4-a97d-d965ccfc6d4b" outcome="Passed" testListId="8c84fa94-04c1-424b-9868-57a2d4851a1d" relativeResultsDirectory="a4894de0-28b4-4b8c-b3b8-abcb530e7615" />
    <UnitTestResult executionId="7b73f95d-07da-4fca-b7a2-31d29ff9c5bc" testId="182ca4a9-6564-9f7d-ea52-900af49c9e61" testName="Newt.Simulation.Tests.SimulationWorldTests.AquaticCrittersStrandedOnLandSurviveTheNextTick(species: Plankton)" computerName="MATTHEWPC" duration="00:00:00.0001080" startTime="2026-09-19T22:21:55.1723955-07:00" endTime="2026-09-19T22:21:55.1724857-07:00" testType="13cdc9d9-ddb5-4fa4-a97d-d965ccfc6d4b" outcome="Passed" testListId="8c84fa94-04c1-424b-9868-57a2d4851a1d" relativeResultsDirectory="7b73f95d-07da-4fca-b7a2-31d29ff9c5bc" />
    <UnitTestResult executionId="6935c755-6455-4abd-916c-228aab78fe9a" testId="e415d8ff-6cc4-7702-e99a-cb8fba5b8bf0" testName="Newt.Simulation.Tests.SimulationWorldTests.SquidAndSeaScorpionsActivelyPursueEachOther" computerName="MATTHEWPC" duration="00:00:00.0000301" startTime="2026-09-19T22:21:55.2424512-07:00" endTime="2026-09-19T22:21:55.2424649-07:00" testType="13cdc9d9-ddb5-4fa4-a97d-d965ccfc6d4b" outcome="Passed" testListId="8c84fa94-04c1-424b-9868-57a2d4851a1d" relativeResultsDirectory="6935c755-6455-4abd-916c-228aab78fe9a" />
    <UnitTestResult executionId="5f83d226-c87c-493b-9e3e-fbadc7d7eece" testId="2b3d6994-c020-2916-c600-164c030684a1" testName="Newt.Simulation.Tests.SimulationWorldTests.MonkeyFeedsFromSupportedFoliage(biome: Forest)" computerName="MATTHEWPC" duration="00:00:00.0001640" startTime="2026-09-19T22:21:55.2204556-07:00" endTime="2026-09-19T22:21:55.2205835-07:00" testType="13cdc9d9-ddb5-4fa4-a97d-d965ccfc6d4b" outcome="Passed" testListId="8c84fa94-04c1-424b-9868-57a2d4851a1d" relativeResultsDirectory="5f83d226-c87c-493b-9e3e-fbadc7d7eece" />
    <UnitTestResult executionId="b9e7f61a-1135-4aa3-b5ea-6ae3c5709ba3" testId="6ee5e1b7-a6d9-d9d6-1ae4-aa37a533e6d2" testName="Newt.Simulation.Tests.SimulationWorldTests.WormSmellsAndMovesIntoAdjacentDeepOcean" computerName="MATTHEWPC" duration="00:00:00.0001911" startTime="2026-09-19T22:21:55.1697663-07:00" endTime="2026-09-19T22:21:55.1697799-07:00" testType="13cdc9d9-ddb5-4fa4-a97d-d965ccfc6d4b" outcome="Passed" testListId="8c84fa94-04c1-424b-9868-57a2d4851a1d" relativeResultsDirectory="b9e7f61a-1135-4aa3-b5ea-6ae3c5709ba3" />
    <UnitTestResult executionId="d9d9069a-c086-4f5f-8598-a6aa5661caef" testId="77217def-8652-633c-ab1b-2a1199baa3ae" testName="Newt.Simulation.Tests.SimulationWorldTests.SeaScorpionHuntsItsAquaticPrey(prey: Fish, expectedEnergy: 8)" computerName="MATTHEWPC" duration="00:00:00.0000460" startTime="2026-09-19T22:21:55.1692767-07:00" endTime="2026-09-19T22:21:55.1692939-07:00" testType="13cdc9d9-ddb5-4fa4-a97d-d965ccfc6d4b" outcome="Passed" testListId="8c84fa94-04c1-424b-9868-57a2d4851a1d" relativeResultsDirectory="d9d9069a-c086-4f5f-8598-a6aa5661caef" />
    <UnitTestResult executionId="a7dff172-839d-42fe-a5c6-676ec17c3429" testId="d13d2a17-86b4-a8e3-e20e-89feec7eec56" testName="Newt.Simulation.Tests.SimulationWorldTests.GrazersFeedOnlyFromTheirSupportedBiomes(species: Gazelle, biome: Arid, feedingSeconds: 18, expectedEnergy: 6)" computerName="MATTHEWPC" duration="00:00:00.0001641" startTime="2026-09-19T22:21:55.1328301-07:00" endTime="2026-09-19T22:21:55.1328441-07:00" testType="13cdc9d9-ddb5-4fa4-a97d-d965ccfc6d4b" outcome="Passed" testListId="8c84fa94-04c1-424b-9868-57a2d4851a1d" relativeResultsDirectory="a7dff172-839d-42fe-a5c6-676ec17c3429" />
    <UnitTestResult executionId="235f52d2-a8a6-4ab9-ad75-098613a412ef" testId="3e46e50a-66f7-8d6c-0269-5e1e6b2f8661" testName="Newt.Simulation.Tests.SimulationWorldTests.LandPredatorConsumesAdjacentLakeCrabWithoutEnteringLake" computerName="MATTHEWPC" duration="00:00:00.0001831" startTime="2026-09-19T22:21:55.2227157-07:00" endTime="2026-09-19T22:21:55.2227852-07:00" testType="13cdc9d9-ddb5-4fa4-a97d-d965ccfc6d4b" outcome="Passed" testListId="8c84fa94-04c1-424b-9868-57a2d4851a1d" relativeResultsDirectory="235f52d2-a8a6-4ab9-ad75-098613a412ef" />
    <UnitTestResult executionId="2f08f229-ef7f-45fe-9434-e90b4dbdd8e8" testId="a4bf7acc-a5d4-ffc5-7eb9-f0ce95f62654" testName="Newt.Simulation.Tests.SimulationWorldTests.CrabStillFeedsInWetlandBiomesWithoutFreshwater(biome: Jungle)" computerName="MATTHEWPC" duration="00:00:00.0001992" startTime="2026-09-19T22:21:55.2408635-07:00" endTime="2026-09-19T22:21:55.2409030-07:00" testType="13cdc9d9-ddb5-4fa4-a97d-d965ccfc6d4b" outcome="Passed" testListId="8c84fa94-04c1-424b-9868-57a2d4851a1d" relativeResultsDirectory="2f08f229-ef7f-45fe-9434-e90b4dbdd8e8" />
    <UnitTestResult executionId="0101c268-74a0-4363-b903-a5066871fbd6" testId="a904ae08-6349-4305-f461-240493cb8fb1" testName="Newt.Simulation.Tests.SimulationWorldTests.LandSpeciesCanOccupyLowlandsCanyonsAndTrenches(species: Newt)" computerName="MATTHEWPC" duration="00:00:00.0000034" startTime="2026-09-19T22:21:55.1445292-07:00" endTime="2026-09-19T22:21:55.1445423-07:00" testType="13cdc9d9-ddb5-4fa4-a97d-d965ccfc6d4b" outcome="Passed" testListId="8c84fa94-04c1-424b-9868-57a2d4851a1d" relativeResultsDirectory="0101c268-74a0-4363-b903-a5066871fbd6" />
    <UnitTestResult executionId="6acf7fde-e418-46f3-9262-33218a8ba45e" testId="024afa88-1665-51f0-afdf-97b879950607" testName="Newt.Simulation.Tests.SimulationWorldTests.MegaToadCannibalismRequiresAnAdjacentEncounter" computerName="MATTHEWPC" duration="00:00:00.0000278" startTime="2026-09-19T22:21:55.2173097-07:00" endTime="2026-09-19T22:21:55.2173235-07:00" testType="13cdc9d9-ddb5-4fa4-a97d-d965ccfc6d4b" outcome="Passed" testListId="8c84fa94-04c1-424b-9868-57a2d4851a1d" relativeResultsDirectory="6acf7fde-e418-46f3-9262-33218a8ba45e" />
    <UnitTestResult executionId="705265c3-96d3-403f-9c41-2b20b3c23196" testId="fe9f2de1-f0a1-36f0-b86f-0d3fd7f6c5ff" testName="Newt.Simulation.Tests.SimulationWorldTests.GrazersFeedOnlyFromTheirSupportedBiomes(species: Elk, biome: Forest, feedingSeconds: 20, expectedEnergy: 5)" computerName="MATTHEWPC" duration="00:00:00.0002046" startTime="2026-09-19T22:21:55.1330074-07:00" endTime="2026-09-19T22:21:55.1330207-07:00" testType="13cdc9d9-ddb5-4fa4-a97d-d965ccfc6d4b" outcome="Passed" testListId="8c84fa94-04c1-424b-9868-57a2d4851a1d" relativeResultsDirectory="705265c3-96d3-403f-9c41-2b20b3c23196" />
    <UnitTestResult executionId="cdeb6383-c23b-4de7-b760-731ad2f341ed" testId="5f6c6c60-a8e5-063f-348f-354e30465ca9" testName="Newt.Simulation.Tests.SimulationWorldTests.AquaticCrittersStrandedOnLandSurviveTheNextTick(species: Jellyfish)" computerName="MATTHEWPC" duration="00:00:00.0001093" startTime="2026-09-19T22:21:55.1725073-07:00" endTime="2026-09-19T22:21:55.1726087-07:00" testType="13cdc9d9-ddb5-4fa4-a97d-d965ccfc6d4b" outcome="Passed" testListId="8c84fa94-04c1-424b-9868-57a2d4851a1d" relativeResultsDirectory="cdeb6383-c23b-4de7-b760-731ad2f341ed" />
    <UnitTestResult executionId="d3d5ed33-c924-446f-a19b-bbdac4cefcfe" testId="7c7255b6-26c7-6969-d902-852d75b7937a" testName="Newt.Simulation.Tests.SimulationWorldTests.AdjacentOnlyPreyHasNoPriorityOverEquallyCloseOrdinaryPrey(predator: Nautilus, adjacentOnlyPrey: Crab, ordinaryPrey: Plankton)" computerName="MATTHEWPC" duration="00:00:00.0002144" startTime="2026-09-19T22:21:55.1533103-07:00" endTime="2026-09-19T22:21:55.1534324-07:00" testType="13cdc9d9-ddb5-4fa4-a97d-d965ccfc6d4b" outcome="Passed" testListId="8c84fa94-04c1-424b-9868-57a2d4851a1d" relativeResultsDirectory="d3d5ed33-c924-446f-a19b-bbdac4cefcfe" />
    <UnitTestResult executionId="674ca71f-c701-416d-b4e1-3a5c00fa8508" testId="62b9bfcf-8e12-aafd-62bf-07c401f0af3c" testName="Newt.Simulation.Tests.SimulationWorldTests.AmphibiansCanFollowDiagonalFreshwaterMountainConnections(species: MegaToad, water: FreshwaterLake, movementSeconds: 6)" computerName="MATTHEWPC" duration="00:00:00.0002480" startTime="2026-09-19T22:21:55.1178375-07:00" endTime="2026-09-19T22:21:55.1180813-07:00" testType="13cdc9d9-ddb5-4fa4-a97d-d965ccfc6d4b" outcome="Passed" testListId="8c84fa94-04c1-424b-9868-57a2d4851a1d" relativeResultsDirectory="674ca71f-c701-416d-b4e1-3a5c00fa8508" />
    <UnitTestResult executionId="51800bc5-d4b4-4da6-95af-2258be8e2e24" testId="bfd54e94-282a-1aa5-8c46-b56c7f8a7262" testName="Newt.Simulation.Tests.SimulationWorldTests.LandSpeciesCanOccupyLowlandsCanyonsAndTrenches(species: Wolf)" computerName="MATTHEWPC" duration="00:00:00.0000032" startTime="2026-09-19T22:21:55.1444955-07:00" endTime="2026-09-19T22:21:55.1445086-07:00" testType="13cdc9d9-ddb5-4fa4-a97d-d965ccfc6d4b" outcome="Passed" testListId="8c84fa94-04c1-424b-9868-57a2d4851a1d" relativeResultsDirectory="51800bc5-d4b4-4da6-95af-2258be8e2e24" />
    <UnitTestResult executionId="fd4fe547-f39f-4038-97f8-f3e6814f2fa3" testId="f83c90f6-e25e-778a-2340-9fa3800ce47e" testName="Newt.Simulation.Tests.SimulationWorldTests.GrazersFeedOnlyFromTheirSupportedBiomes(species: Deer, biome: Tundra, feedingSeconds: 18, expectedEnergy: 4)" computerName="MATTHEWPC" duration="00:00:00.0003860" startTime="2026-09-19T22:21:55.1323981-07:00" endTime="2026-09-19T22:21:55.1324122-07:00" testType="13cdc9d9-ddb5-4fa4-a97d-d965ccfc6d4b" outcome="Passed" testListId="8c84fa94-04c1-424b-9868-57a2d4851a1d" relativeResultsDirectory="fd4fe547-f39f-4038-97f8-f3e6814f2fa3" />
    <UnitTestResult executionId="ec4976f3-1eff-4dff-abb8-c1ff1486cc19" testId="5f95c168-0e41-9614-0072-026f2fa3b0a2" testName="Newt.Simulation.Tests.SimulationWorldTests.LandDwellerPresetAllowsConfiguredTerrainAndRivers(terrain: Plains)" computerName="MATTHEWPC" duration="00:00:00.0000005" startTime="2026-09-19T22:21:55.1407561-07:00" endTime="2026-09-19T22:21:55.1407825-07:00" testType="13cdc9d9-ddb5-4fa4-a97d-d965ccfc6d4b" outcome="Passed" testListId="8c84fa94-04c1-424b-9868-57a2d4851a1d" relativeResultsDirectory="ec4976f3-1eff-4dff-abb8-c1ff1486cc19" />
    <UnitTestResult executionId="27942d93-f67c-4ec2-abac-b0c6f74b30d8" testId="234dc0c8-1ebb-7b3d-1251-d20442fe8744" testName="Newt.Simulation.Tests.SimulationWorldTests.HeavyPredatorsDealExpectedCombatDamage(species: MegaToad, damage: 3)" computerName="MATTHEWPC" duration="00:00:00.0000820" startTime="2026-09-19T22:21:55.2223447-07:00" endTime="2026-09-19T22:21:55.2223756-07:00" testType="13cdc9d9-ddb5-4fa4-a97d-d965ccfc6d4b" outcome="Passed" testListId="8c84fa94-04c1-424b-9868-57a2d4851a1d" relativeResultsDirectory="27942d93-f67c-4ec2-abac-b0c6f74b30d8" />
    <UnitTestResult executionId="6a6c3f89-02a6-4625-bd62-48f53646f668" testId="6f53466a-a332-73d5-24c0-466d674bb3d3" testName="Newt.Simulation.Tests.SimulationWorldTests.CrabCanOccupyFreshwaterWithoutEatingItsNutrition(water: River, biome: Grassland)" computerName="MATTHEWPC" duration="00:00:00.0001321" startTime="2026-09-19T22:21:55.1340017-07:00" endTime="2026-09-19T22:21:55.1340821-07:00" testType="13cdc9d9-ddb5-4fa4-a97d-d965ccfc6d4b" outcome="Passed" testListId="8c84fa94-04c1-424b-9868-57a2d4851a1d" relativeResultsDirectory="6a6c3f89-02a6-4625-bd62-48f53646f668" />
    <UnitTestResult executionId="d1a914c3-b09a-4656-9597-73946c7256ad" testId="c25e50dc-b901-23bb-7908-ffce0ff488c0" testName="Newt.Simulation.Tests.SimulationWorldTests.TherapsidPrefersNearbyFoliageOverVisiblePrey(biome: Swamp)" computerName="MATTHEWPC" duration="00:00:00.0002115" startTime="2026-09-19T22:21:55.1449025-07:00" endTime="2026-09-19T22:21:55.1450098-07:00" testType="13cdc9d9-ddb5-4fa4-a97d-d965ccfc6d4b" outcome="Passed" testListId="8c84fa94-04c1-424b-9868-57a2d4851a1d" relativeResultsDirectory="d1a914c3-b09a-4656-9597-73946c7256ad" />
    <UnitTestResult executionId="2d93ef32-f524-4af8-b75a-053f399f8907" testId="87c50854-4644-ebd2-a304-7a7e039c6b1d" testName="Newt.Simulation.Tests.SimulationWorldTests.AdjacentOnlyPreyHasNoPriorityOverEquallyCloseOrdinaryPrey(predator: ToothedWhale, adjacentOnlyPrey: Crab, ordinaryPrey: Fish)" computerName="MATTHEWPC" duration="00:00:00.0002384" startTime="2026-09-19T22:21:55.1546542-07:00" endTime="2026-09-19T22:21:55.1548682-07:00" testType="13cdc9d9-ddb5-4fa4-a97d-d965ccfc6d4b" outcome="Passed" testListId="8c84fa94-04c1-424b-9868-57a2d4851a1d" relativeResultsDirectory="2d93ef32-f524-4af8-b75a-053f399f8907" />
    <UnitTestResult executionId="edc1f33b-707e-491b-9a39-8256ef5a26aa" testId="3aba188f-64c9-6257-c191-55c65f0f231d" testName="Newt.Simulation.Tests.SimulationWorldTests.LakeForagingCanSupportFishReproduction" computerName="MATTHEWPC" duration="00:00:00.0001910" startTime="2026-09-19T22:21:55.1690020-07:00" endTime="2026-09-19T22:21:55.1690154-07:00" testType="13cdc9d9-ddb5-4fa4-a97d-d965ccfc6d4b" outcome="Passed" testListId="8c84fa94-04c1-424b-9868-57a2d4851a1d" relativeResultsDirectory="edc1f33b-707e-491b-9a39-8256ef5a26aa" />
    <UnitTestResult executionId="ba3b91ae-b8d8-451c-a985-4ac04623115d" testId="4517d58c-37a0-9384-7812-8a90ff23efc6" testName="Newt.Simulation.Tests.SimulationWorldTests.PlayerSpawnBypassesHabitatWithoutWeakeningNormalAddition(species: Deer, incompatibleTerrain: Ocean)" computerName="MATTHEWPC" duration="00:00:00.0000025" startTime="2026-09-19T22:21:55.1861458-07:00" endTime="2026-09-19T22:21:55.1861592-07:00" testType="13cdc9d9-ddb5-4fa4-a97d-d965ccfc6d4b" outcome="Passed" testListId="8c84fa94-04c1-424b-9868-57a2d4851a1d" relativeResultsDirectory="ba3b91ae-b8d8-451c-a985-4ac04623115d" />
    <UnitTestResult executionId="120b72be-f94d-4fa7-a0bf-7beafcbe5db3" testId="abc167ce-9074-ee15-eabb-acc8a798cd13" testName="Newt.Simulation.Tests.SimulationWorldTests.MegaToadHasTheLargestLandPredatorEnergyReserve" computerName="MATTHEWPC" duration="00:00:00.0000685" startTime="2026-09-19T22:21:55.1698549-07:00" endTime="2026-09-19T22:21:55.1698681-07:00" testType="13cdc9d9-ddb5-4fa4-a97d-d965ccfc6d4b" outcome="Passed" testListId="8c84fa94-04c1-424b-9868-57a2d4851a1d" relativeResultsDirectory="120b72be-f94d-4fa7-a0bf-7beafcbe5db3" />
    <UnitTestResult executionId="59c46c4f-4373-44b0-a974-6defad58c0a0" testId="9d8f160a-4f9e-71d6-43c7-2268afb08125" testName="Newt.Simulation.Tests.SimulationWorldTests.SeaScorpionHuntsItsAquaticPrey(prey: Monkey, expectedEnergy: 8)" computerName="MATTHEWPC" duration="00:00:00.0000400" startTime="2026-09-19T22:21:55.1693885-07:00" endTime="2026-09-19T22:21:55.1694020-07:00" testType="13cdc9d9-ddb5-4fa4-a97d-d965ccfc6d4b" outcome="Passed" testListId="8c84fa94-04c1-424b-9868-57a2d4851a1d" relativeResultsDirectory="59c46c4f-4373-44b0-a974-6defad58c0a0" />
    <UnitTestResult executionId="710a96bf-3468-402a-83cf-ce3f05f33552" testId="b7d6d50c-b613-c8d7-a1db-8142854f2c26" testName="Newt.Simulation.Tests.SimulationWorldTests.GrazersFeedOnlyFromTheirSupportedBiomes(species: Elk, biome: Grassland, feedingSeconds: 20, expectedEnergy: 8)" computerName="MATTHEWPC" duration="00:00:00.0001783" startTime="2026-09-19T22:21:55.1329027-07:00" endTime="2026-09-19T22:21:55.1329161-07:00" testType="13cdc9d9-ddb5-4fa4-a97d-d965ccfc6d4b" outcome="Passed" testListId="8c84fa94-04c1-424b-9868-57a2d4851a1d" relativeResultsDirectory="710a96bf-3468-402a-83cf-ce3f05f33552" />
    <UnitTestResult executionId="576b4531-4a54-4fdb-adcb-4d571c2eb4ed" testId="b6d6cf3c-5f74-4a35-5df6-b8ea79113ea7" testName="Newt.Simulation.Tests.SimulationWorldTests.ImmovablePlanktonIsLethallyShovedWithoutBecomingAnIllegalMeal" computerName="MATTHEWPC" duration="00:00:00.0001851" startTime="2026-09-19T22:21:55.2536908-07:00" endTime="2026-09-19T22:21:55.2538560-07:00" testType="13cdc9d9-ddb5-4fa4-a97d-d965ccfc6d4b" outcome="Passed" testListId="8c84fa94-04c1-424b-9868-57a2d4851a1d" relativeResultsDirectory="576b4531-4a54-4fdb-adcb-4d571c2eb4ed" />
    <UnitTestResult executionId="4147cb61-812e-4f0e-a9b7-677550c5bea1" testId="abda3b87-354a-32fc-6f24-92c20c4dfd44" testName="Newt.Simulation.Tests.SimulationWorldTests.LandPredatorIgnoresDistantMonkeyToPursueOtherPrey(predator: Wolf)" computerName="MATTHEWPC" duration="00:00:00.0001602" startTime="2026-09-19T22:21:55.1659867-07:00" endTime="2026-09-19T22:21:55.1661389-07:00" testType="13cdc9d9-ddb5-4fa4-a97d-d965ccfc6d4b" outcome="Passed" testListId="8c84fa94-04c1-424b-9868-57a2d4851a1d" relativeResultsDirectory="4147cb61-812e-4f0e-a9b7-677550c5bea1" />
    <UnitTestResult executionId="8177cb0c-a436-4b1d-af69-5a294fdfcaad" testId="a5211f03-e7ed-4646-cd6e-33f3eb4aae38" testName="Newt.Simulation.Tests.SimulationWorldTests.PlanktonRecoveryRecognizesAStillLivingStrandedPlankton" computerName="MATTHEWPC" duration="00:00:00.0003730" startTime="2026-09-19T22:21:55.2160646-07:00" endTime="2026-09-19T22:21:55.2163105-07:00" testType="13cdc9d9-ddb5-4fa4-a97d-d965ccfc6d4b" outcome="Passed" testListId="8c84fa94-04c1-424b-9868-57a2d4851a1d" relativeResultsDirectory="8177cb0c-a436-4b1d-af69-5a294fdfcaad" />
    <UnitTestResult executionId="9c6049d9-2115-4332-8dae-716b7467aee2" testId="d98b5c33-8bd9-d39e-2628-b40828726489" testName="Newt.Simulation.Tests.SimulationWorldTests.CrabRoamsLandButPlainTerrainDoesNotFeedIt" computerName="MATTHEWPC" duration="00:00:00.0006065" startTime="2026-09-19T22:21:55.2212652-07:00" endTime="2026-09-19T22:21:55.2216242-07:00" testType="13cdc9d9-ddb5-4fa4-a97d-d965ccfc6d4b" outcome="Failed" testListId="8c84fa94-04c1-424b-9868-57a2d4851a1d" relativeResultsDirectory="9c6049d9-2115-4332-8dae-716b7467aee2">
      <Output>
        <ErrorInfo>
          <Message>Assert.Equal() Failure: Values differ&#xD;
Expected: 5&#xD;
Actual:   6</Message>
          <StackTrace>   at Newt.Simulation.Tests.SimulationWorldTests.CrabRoamsLandButPlainTerrainDoesNotFeedIt() in C:\Users\1Matt\Desktop\Newt\tests\Newt.Simulation.Tests\SimulationWorldTests.cs:line 956&#xD;
   at System.Reflection.MethodBaseInvoker.InterpretedInvoke_Method(Object obj, IntPtr* args)&#xD;
   at System.Reflection.MethodBaseInvoker.InvokeWithNoArgs(Object obj, BindingFlags invokeAttr)</StackTrace>
        </ErrorInfo>
      </Output>
    </UnitTestResult>
    <UnitTestResult executionId="915a6c74-66ff-4482-8d89-ed47fd014dd8" testId="33f7a87b-49a5-172d-a26c-a84ef2bd2428" testName="Newt.Simulation.Tests.SimulationWorldTests.HungryNewtLocallyDetectsAndApproachesFreshwater" computerName="MATTHEWPC" duration="00:00:00.0008849" startTime="2026-09-19T22:21:55.1429167-07:00" endTime="2026-09-19T22:21:55.1436242-07:00" testType="13cdc9d9-ddb5-4fa4-a97d-d965ccfc6d4b" outcome="Passed" testListId="8c84fa94-04c1-424b-9868-57a2d4851a1d" relativeResultsDirectory="915a6c74-66ff-4482-8d89-ed47fd014dd8" />
    <UnitTestResult executionId="16e838b2-d493-4d73-8fcf-ccdd951cbd4d" testId="82a3c05e-64f5-4657-02bf-7193a1251682" testName="Newt.Simulation.Tests.SimulationWorldTests.TrilobiteMovesOntoAndFeedsFromBeach" computerName="MATTHEWPC" duration="00:00:00.0002869" startTime="2026-09-19T22:21:55.2022256-07:00" endTime="2026-09-19T22:21:55.2022415-07:00" testType="13cdc9d9-ddb5-4fa4-a97d-d965ccfc6d4b" outcome="Passed" testListId="8c84fa94-04c1-424b-9868-57a2d4851a1d" relativeResultsDirectory="16e838b2-d493-4d73-8fcf-ccdd951cbd4d" />
    <UnitTestResult executionId="447a526f-84df-4a5c-804d-fb168d07e9f8" testId="c69c6a56-8e1f-4870-b20f-f4c1f2496c04" testName="Newt.Simulation.Tests.SimulationWorldTests.SquidEggCannotLethallyShoveImmovablePlankton" computerName="MATTHEWPC" duration="00:00:00.0002508" startTime="2026-09-19T22:21:55.1859627-07:00" endTime="2026-09-19T22:21:55.1859787-07:00" testType="13cdc9d9-ddb5-4fa4-a97d-d965ccfc6d4b" outcome="Passed" testListId="8c84fa94-04c1-424b-9868-57a2d4851a1d" relativeResultsDirectory="447a526f-84df-4a5c-804d-fb168d07e9f8" />
    <UnitTestResult executionId="c986db03-4fed-4f0c-9be1-3a2328415b61" testId="696b1dbe-1c4c-e413-83df-3125ab1aa8dd" testName="Newt.Simulation.Tests.SimulationWorldTests.SeaScorpionHuntsGrazersThatWanderOntoBeaches(prey: Deer)" computerName="MATTHEWPC" duration="00:00:00.0001737" startTime="2026-09-19T22:21:55.1494020-07:00" endTime="2026-09-19T22:21:55.1495010-07:00" testType="13cdc9d9-ddb5-4fa4-a97d-d965ccfc6d4b" outcome="Passed" testListId="8c84fa94-04c1-424b-9868-57a2d4851a1d" relativeResultsDirectory="c986db03-4fed-4f0c-9be1-3a2328415b61" />
    <UnitTestResult executionId="1b4ecf63-1b6c-4eb3-a5e4-4225db522cdf" testId="ca6fa27a-e77d-abe0-8db4-fda2a079463f" testName="Newt.Simulation.Tests.SimulationWorldTests.TherapsidPrefersNearbyFoliageOverVisiblePrey(biome: Jungle)" computerName="MATTHEWPC" duration="00:00:00.0000670" startTime="2026-09-19T22:21:55.1450325-07:00" endTime="2026-09-19T22:21:55.1451445-07:00" testType="13cdc9d9-ddb5-4fa4-a97d-d965ccfc6d4b" outcome="Passed" testListId="8c84fa94-04c1-424b-9868-57a2d4851a1d" relativeResultsDirectory="1b4ecf63-1b6c-4eb3-a5e4-4225db522cdf" />
[...]
    <TestEntry testId="a9f190f2-2966-11ad-d409-5d44ed696dcc" executionId="83c85f4c-d2d1-461b-8e4e-ef81ccd67850" testListId="8c84fa94-04c1-424b-9868-57a2d4851a1d" />
    <TestEntry testId="8e5f9bee-05ea-67db-d3c3-73c227f9b3ee" executionId="5758dcbc-05ec-4520-b70c-e4f9e09a9846" testListId="8c84fa94-04c1-424b-9868-57a2d4851a1d" />
    <TestEntry testId="6dc20f0e-e566-a1b7-11c8-bcfe424cf40f" executionId="d7df912f-9fe7-43a6-9d5f-9a814be749d7" testListId="8c84fa94-04c1-424b-9868-57a2d4851a1d" />
    <TestEntry testId="620c6388-012b-3ee2-826c-d171abd4b103" executionId="82323a45-c6fe-4bd0-bd4c-d4d3107b8564" testListId="8c84fa94-04c1-424b-9868-57a2d4851a1d" />
    <TestEntry testId="3c7eac34-45ba-1ee5-9035-cf1c6691b6f0" executionId="9f93de2a-2afa-4013-b23b-fe4f152e3cab" testListId="8c84fa94-04c1-424b-9868-57a2d4851a1d" />
    <TestEntry testId="8d861c65-4e7c-7785-3fde-27cdd49f2b4d" executionId="b1542530-00a3-4617-afc3-7df7b6fb275e" testListId="8c84fa94-04c1-424b-9868-57a2d4851a1d" />
    <TestEntry testId="ecf89311-b6a9-8abc-9476-da77c7100665" executionId="e70a0741-13aa-4283-bed4-eadc17c54c68" testListId="8c84fa94-04c1-424b-9868-57a2d4851a1d" />
    <TestEntry testId="61549805-625c-3364-e6b6-5f07e13f906b" executionId="f2bc784d-1132-4738-8397-66ad50d681de" testListId="8c84fa94-04c1-424b-9868-57a2d4851a1d" />
    <TestEntry testId="afa49ed3-dc6d-ba39-3e14-91a858c44992" executionId="b4697356-66b0-47cc-a0e5-d8aafa5bb920" testListId="8c84fa94-04c1-424b-9868-57a2d4851a1d" />
    <TestEntry testId="a4f8860c-404a-550d-96a1-a66e7f0e0de9" executionId="51c7f6e7-8e94-479e-99ed-42ee12997b47" testListId="8c84fa94-04c1-424b-9868-57a2d4851a1d" />
    <TestEntry testId="ab77dadb-81b2-3ac7-da15-6a46c3047af6" executionId="a1ae6e4b-f0a2-43e6-b659-a3376b07f457" testListId="8c84fa94-04c1-424b-9868-57a2d4851a1d" />
    <TestEntry testId="37a28705-4ed9-daf7-8827-b95130d82ffa" executionId="dcb4c391-e25f-44da-a5f1-435338807a98" testListId="8c84fa94-04c1-424b-9868-57a2d4851a1d" />
    <TestEntry testId="7d5ee847-8791-c486-b130-07d1e34be919" executionId="5e8eb973-0180-415d-a355-61eb41a753e2" testListId="8c84fa94-04c1-424b-9868-57a2d4851a1d" />
    <TestEntry testId="9c94a9fd-9302-0a60-1113-4e8286672fa8" executionId="e4097cc6-9524-41e8-b648-ba29b5880ca0" testListId="8c84fa94-04c1-424b-9868-57a2d4851a1d" />
    <TestEntry testId="9493e0b6-bb90-2026-57c9-12893ede6feb" executionId="6d2a2f34-cc1c-4ee6-8219-de4a5b057ef5" testListId="8c84fa94-04c1-424b-9868-57a2d4851a1d" />
    <TestEntry testId="656cac77-bd00-88af-0105-9dd21704f195" executionId="648818c6-c075-4904-b817-74523a3254d7" testListId="8c84fa94-04c1-424b-9868-57a2d4851a1d" />
    <TestEntry testId="26595f61-08f3-56ac-e24c-63282f54415c" executionId="d26c822a-2f88-452d-b57b-6a0918922094" testListId="8c84fa94-04c1-424b-9868-57a2d4851a1d" />
    <TestEntry testId="508e2e73-9bf8-7019-917a-ea494532f45d" executionId="8e28931f-a7e2-40a2-8fb8-8807c44f315c" testListId="8c84fa94-04c1-424b-9868-57a2d4851a1d" />
    <TestEntry testId="f1a3c6bb-54e8-6aec-e9d9-43aca0a99cde" executionId="fd6c34cc-c6fe-4153-b59a-bcb11fadc690" testListId="8c84fa94-04c1-424b-9868-57a2d4851a1d" />
    <TestEntry testId="7fc9441e-579b-cd70-9172-9ca077b2bad7" executionId="2c5a9cce-2209-4a7d-9418-361627035576" testListId="8c84fa94-04c1-424b-9868-57a2d4851a1d" />
    <TestEntry testId="0b15fbf6-150f-e83e-ecc6-0e18f43cb06c" executionId="683fc9a6-2c0f-4536-b9af-e9ff4f3aa635" testListId="8c84fa94-04c1-424b-9868-57a2d4851a1d" />
    <TestEntry testId="c9ba4956-bcdb-834d-b3da-5bc803f38393" executionId="9f382c84-41c5-41e4-95a1-8475ada7b841" testListId="8c84fa94-04c1-424b-9868-57a2d4851a1d" />
    <TestEntry testId="2dc6d196-a22b-6efe-6f64-6a62047f7caa" executionId="6ddb8a13-952f-4d10-b1ce-71a758c0203b" testListId="8c84fa94-04c1-424b-9868-57a2d4851a1d" />
    <TestEntry testId="261ac077-a395-82cc-2567-b7bae1f5aa5c" executionId="f9b2d23e-64b5-47b4-9a3f-d5b3ce46a777" testListId="8c84fa94-04c1-424b-9868-57a2d4851a1d" />
    <TestEntry testId="6feace22-4cea-f363-5d53-813ac3b245fe" executionId="16d779a5-5f0c-47ea-99b4-55435fa300cf" testListId="8c84fa94-04c1-424b-9868-57a2d4851a1d" />
    <TestEntry testId="1d97ae06-fa89-3cea-2fe4-a263755d32f1" executionId="8699c02d-2275-488b-881e-372b51ab057b" testListId="8c84fa94-04c1-424b-9868-57a2d4851a1d" />
    <TestEntry testId="9f06e434-65a0-dde4-8bbc-78ec411f7ed2" executionId="cc7cd2c1-5099-49c7-a8d6-4073d6c60a03" testListId="8c84fa94-04c1-424b-9868-57a2d4851a1d" />
    <TestEntry testId="ae9df192-98df-ce31-7fa0-a643e6d94c1c" executionId="1f075836-4f1f-425f-abca-fae685a83698" testListId="8c84fa94-04c1-424b-9868-57a2d4851a1d" />
    <TestEntry testId="ed1ed655-3de5-6ef6-6fb9-2af1eb6dc393" executionId="dbb542c0-1e82-4d73-9e4a-55c38871f32c" testListId="8c84fa94-04c1-424b-9868-57a2d4851a1d" />
    <TestEntry testId="d2d176e8-1546-0e37-a5c5-bc856998703c" executionId="d52822c9-3eff-46cf-8782-e774128ab163" testListId="8c84fa94-04c1-424b-9868-57a2d4851a1d" />
    <TestEntry testId="c22e84f5-c1a3-eff5-7a84-6fc5cf889095" executionId="33010a09-a475-4450-9ccf-0c70bfe235d2" testListId="8c84fa94-04c1-424b-9868-57a2d4851a1d" />
    <TestEntry testId="afae538e-af5e-8385-42dc-475781b30d37" executionId="4e3cc18d-14ce-4490-9e4c-b5f7714417f9" testListId="8c84fa94-04c1-424b-9868-57a2d4851a1d" />
    <TestEntry testId="3e1c8986-a728-40f8-a241-da8b6d8c7d92" executionId="6c58ade9-1c7b-490c-89cc-92e3f392530e" testListId="8c84fa94-04c1-424b-9868-57a2d4851a1d" />
    <TestEntry testId="2433973f-2acb-5d35-17ad-d8109ba89995" executionId="f2c08566-b412-4068-b696-9da30e5fcb41" testListId="8c84fa94-04c1-424b-9868-57a2d4851a1d" />
    <TestEntry testId="c67d2fef-a418-1a6a-b4ad-d769b841e242" executionId="55e89be5-8953-4f06-856f-4ab5b56e347c" testListId="8c84fa94-04c1-424b-9868-57a2d4851a1d" />
    <TestEntry testId="1d2c215e-0417-557b-4cbf-b57d61c83455" executionId="ff02f7fe-3822-459f-9ee7-ec8ae4ef013f" testListId="8c84fa94-04c1-424b-9868-57a2d4851a1d" />
    <TestEntry testId="3e01b129-1974-f65d-2a76-ab25669e2f39" executionId="a0f07ca3-f556-459a-9814-d5db316d993a" testListId="8c84fa94-04c1-424b-9868-57a2d4851a1d" />
    <TestEntry testId="784bb45d-7ad6-64fa-75ef-177fd931abe5" executionId="ee53123a-86a2-4654-b223-425918a20d90" testListId="8c84fa94-04c1-424b-9868-57a2d4851a1d" />
    <TestEntry testId="bb809840-7965-ebb2-48cb-91b734fd2b3b" executionId="0582f6d4-c25a-4602-8c13-f5b90ac5f100" testListId="8c84fa94-04c1-424b-9868-57a2d4851a1d" />
    <TestEntry testId="84f95ea8-6b7d-0c09-a940-d01f9ade6cfd" executionId="6beffba0-7d25-40aa-bb5f-18e72c70746f" testListId="8c84fa94-04c1-424b-9868-57a2d4851a1d" />
    <TestEntry testId="f61cf9e3-de71-2ff4-89d5-a0a6478f8abb" executionId="c16001e7-9b88-483a-843c-056e361fe5e5" testListId="8c84fa94-04c1-424b-9868-57a2d4851a1d" />
    <TestEntry testId="e5358364-7c3c-a6be-6695-b9c1cf583b3e" executionId="944494e2-68c5-49d1-a107-a8ec0f1d8fa1" testListId="8c84fa94-04c1-424b-9868-57a2d4851a1d" />
    <TestEntry testId="91fd15be-5643-6529-8d95-08f154935ce2" executionId="bd872280-b147-46cd-9d47-d12fac3b55c7" testListId="8c84fa94-04c1-424b-9868-57a2d4851a1d" />
    <TestEntry testId="bb18ec9d-f644-df7f-0eca-0581db342536" executionId="f880e1db-c07d-4c48-9818-4911d5e6580f" testListId="8c84fa94-04c1-424b-9868-57a2d4851a1d" />
    <TestEntry testId="d9f6f00b-f3e8-de8e-d521-ed6173b3b48f" executionId="cd5491e6-dd6d-4d23-842d-9e80fd20dc5e" testListId="8c84fa94-04c1-424b-9868-57a2d4851a1d" />
    <TestEntry testId="e7d77fae-619c-7161-f11a-199148182526" executionId="4b953283-1b3c-401f-a3ee-9ec2f18211e4" testListId="8c84fa94-04c1-424b-9868-57a2d4851a1d" />
    <TestEntry testId="87dc6602-94aa-ba48-565d-fdd3a6f7478d" executionId="4aafe6aa-69da-4055-a1f7-9cdf3fcc7231" testListId="8c84fa94-04c1-424b-9868-57a2d4851a1d" />
  </TestEntries>
  <TestLists>
    <TestList name="Results Not in a List" id="8c84fa94-04c1-424b-9868-57a2d4851a1d" />
    <TestList name="All Loaded Results" id="19431567-8539-422a-85d7-44ee4e166bda" />
  </TestLists>
  <ResultSummary outcome="Failed">
    <Counters total="332" executed="332" passed="321" failed="11" error="0" timeout="0" aborted="0" inconclusive="0" passedButRunAborted="0" notRunnable="0" notExecuted="0" disconnected="0" warning="0" completed="0" inProgress="0" pending="0" />
    <Output>
      <StdOut>[xUnit.net 00:00:00.00] xUnit.net VSTest Adapter v3.1.4+50e68bbb8b (64-bit .NET 10.0.12)&#xD;
[xUnit.net 00:00:00.04]   Discovering: Newt.Simulation.Tests&#xD;
[xUnit.net 00:00:00.14]   Discovered:  Newt.Simulation.Tests&#xD;
[xUnit.net 00:00:00.18]   Starting:    Newt.Simulation.Tests&#xD;
[xUnit.net 00:00:00.27]       Assert.Equal() Failure: Values differ&#xD;
[xUnit.net 00:00:00.27]       Expected: 5&#xD;
[xUnit.net 00:00:00.27]       Actual:   7&#xD;
[xUnit.net 00:00:00.27]       Stack Trace:&#xD;
[xUnit.net 00:00:00.27]         C:\Users\1Matt\Desktop\Newt\tests\Newt.Simulation.Tests\SimulationWorldTests.cs(1296,0): at Newt.Simulation.Tests.SimulationWorldTests.NautilusFeedsInDeepOceanAndShallows(Terrain terrain, Int32 expectedEnergy)&#xD;
[xUnit.net 00:00:00.27]            at System.Reflection.MethodBaseInvoker.InterpretedInvoke_Method(Object obj, IntPtr* args)&#xD;
[xUnit.net 00:00:00.27]            at System.Reflection.MethodBaseInvoker.InvokeDirectByRefWithFewArgs(Object obj, Span`1 copyOfArgs, BindingFlags invokeAttr)&#xD;
[xUnit.net 00:00:00.27]       Assert.Equal() Failure: Values differ&#xD;
[xUnit.net 00:00:00.27]       Expected: 4&#xD;
[xUnit.net 00:00:00.27]       Actual:   5&#xD;
[xUnit.net 00:00:00.27]       Stack Trace:&#xD;
[xUnit.net 00:00:00.27]         C:\Users\1Matt\Desktop\Newt\tests\Newt.Simulation.Tests\SimulationWorldTests.cs(649,0): at Newt.Simulation.Tests.SimulationWorldTests.WormFeedsFromDetritusInDeepOceanAndShallows()&#xD;
[xUnit.net 00:00:00.27]            at System.Reflection.MethodBaseInvoker.InterpretedInvoke_Method(Object obj, IntPtr* args)&#xD;
[xUnit.net 00:00:00.27]            at System.Reflection.MethodBaseInvoker.InvokeWithNoArgs(Object obj, BindingFlags invokeAttr)&#xD;
[xUnit.net 00:00:00.28]       Assert.Equal() Failure: Values differ&#xD;
[xUnit.net 00:00:00.28]       Expected: 7&#xD;
[xUnit.net 00:00:00.28]       Actual:   4&#xD;
[xUnit.net 00:00:00.28]       Stack Trace:&#xD;
[xUnit.net 00:00:00.28]         C:\Users\1Matt\Desktop\Newt\tests\Newt.Simulation.Tests\SimulationWorldTests.cs(1925,0): at Newt.Simulation.Tests.SimulationWorldTests.FishShovesBlockingNewtUpOneTileWideRiver()&#xD;
[xUnit.net 00:00:00.28]            at System.Reflection.MethodBaseInvoker.InterpretedInvoke_Method(Object obj, IntPtr* args)&#xD;
[xUnit.net 00:00:00.28]            at System.Reflection.MethodBaseInvoker.InvokeWithNoArgs(Object obj, BindingFlags invokeAttr)&#xD;
[xUnit.net 00:00:00.28]       Assert.Equal() Failure: Values differ&#xD;
[xUnit.net 00:00:00.28]       Expected: 2&#xD;
[xUnit.net 00:00:00.28]       Actual:   4&#xD;
[xUnit.net 00:00:00.28]       Stack Trace:&#xD;
[xUnit.net 00:00:00.28]         C:\Users\1Matt\Desktop\Newt\tests\Newt.Simulation.Tests\SimulationWorldTests.cs(1090,0): at Newt.Simulation.Tests.SimulationWorldTests.CoastalFeedingReflectsTerrainProductivityWithinSixteenSeconds(Terrain terrain, Int32 expectedCount, Int32 expectedParentEnergy)&#xD;
[xUnit.net 00:00:00.28]            at System.Reflection.MethodBaseInvoker.InterpretedInvoke_Method(Object obj, IntPtr* args)&#xD;
[xUnit.net 00:00:00.28]            at System.Reflection.MethodBaseInvoker.InvokeDirectByRefWithFewArgs(Object obj, Span`1 copyOfArgs, BindingFlags invokeAttr)&#xD;
[xUnit.net 00:00:00.32]       Assert.Equal() Failure: Values differ&#xD;
[xUnit.net 00:00:00.32]       Expected: 5&#xD;
[xUnit.net 00:00:00.32]       Actual:   6&#xD;
[xUnit.net 00:00:00.32]       Stack Trace:&#xD;
[xUnit.net 00:00:00.32]         C:\Users\1Matt\Desktop\Newt\tests\Newt.Simulation.Tests\SimulationWorldTests.cs(1144,0): at Newt.Simulation.Tests.SimulationWorldTests.CrabCanPlaceOffspringInAnyValidHabitat()&#xD;
[xUnit.net 00:00:00.32]            at System.Reflection.MethodBaseInvoker.InterpretedInvoke_Method(Object obj, IntPtr* args)&#xD;
[xUnit.net 00:00:00.32]            at System.Reflection.MethodBaseInvoker.InvokeWithNoArgs(Object obj, BindingFlags invokeAttr)&#xD;
[xUnit.net 00:00:00.32]       Assert.Equal() Failure: Values differ&#xD;
[xUnit.net 00:00:00.32]       Expected: 2&#xD;
[xUnit.net 00:00:00.32]       Actual:   0&#xD;
[xUnit.net 00:00:00.32]       Stack Trace:&#xD;
[xUnit.net 00:00:00.32]         C:\Users\1Matt\Desktop\Newt\tests\Newt.Simulation.Tests\SimulationWorldTests.cs(1795,0): at Newt.Simulation.Tests.SimulationWorldTests.ReefForagingCanEventuallySupportFishReproduction()&#xD;
[xUnit.net 00:00:00.32]            at System.Reflection.MethodBaseInvoker.InterpretedInvoke_Method(Object obj, IntPtr* args)&#xD;
[xUnit.net 00:00:00.32]            at System.Reflection.MethodBaseInvoker.InvokeWithNoArgs(Object obj, BindingFlags invokeAttr)&#xD;
[xUnit.net 00:00:00.33]       Assert.Equal() Failure: Values differ&#xD;
[xUnit.net 00:00:00.33]       Expected: 4&#xD;
[xUnit.net 00:00:00.33]       Actual:   5&#xD;
[xUnit.net 00:00:00.33]       Stack Trace:&#xD;
[xUnit.net 00:00:00.33]         C:\Users\1Matt\Desktop\Newt\tests\Newt.Simulation.Tests\SimulationWorldTests.cs(901,0): at Newt.Simulation.Tests.SimulationWorldTests.TrilobiteFeedsInDeepOceanAndShallows(Terrain terrain, Int32 expectedEnergy)&#xD;
[xUnit.net 00:00:00.33]            at InvokeStub_SimulationWorldTests.TrilobiteFeedsInDeepOceanAndShallows(Object, Span`1)&#xD;
[xUnit.net 00:00:00.33]            at System.Reflection.MethodBaseInvoker.InvokeWithFewArgs(Object obj, BindingFlags invokeAttr, Binder binder, Object[] parameters, CultureInfo culture)&#xD;
[xUnit.net 00:00:00.35]       Assert.Equal() Failure: Values differ&#xD;
[xUnit.net 00:00:00.35]       Expected: 6&#xD;
[xUnit.net 00:00:00.35]       Actual:   4&#xD;
[xUnit.net 00:00:00.35]       Stack Trace:&#xD;
[xUnit.net 00:00:00.35]         C:\Users\1Matt\Desktop\Newt\tests\Newt.Simulation.Tests\SimulationWorldTests.cs(1732,0): at Newt.Simulation.Tests.SimulationWorldTests.FishForageInShallowsAtAnyTemperature(Terrain terrain, Single temperature, Int32 expectedEnergy)&#xD;
[xUnit.net 00:00:00.35]            at System.Reflection.MethodBaseInvoker.InterpretedInvoke_Method(Object obj, IntPtr* args)&#xD;
[xUnit.net 00:00:00.35]            at System.Reflection.MethodBaseInvoker.InvokeDirectByRefWithFewArgs(Object obj, Span`1 copyOfArgs, BindingFlags invokeAttr)&#xD;
[xUnit.net 00:00:00.36]       Assert.Equal() Failure: Values differ&#xD;
[xUnit.net 00:00:00.36]       Expected: 6&#xD;
[xUnit.net 00:00:00.36]       Actual:   3&#xD;
[xUnit.net 00:00:00.36]       Stack Trace:&#xD;
[xUnit.net 00:00:00.36]         C:\Users\1Matt\Desktop\Newt\tests\Newt.Simulation.Tests\SimulationWorldTests.cs(1732,0): at Newt.Simulation.Tests.SimulationWorldTests.FishForageInShallowsAtAnyTemperature(Terrain terrain, Single temperature, Int32 expectedEnergy)&#xD;
[xUnit.net 00:00:00.36]            at InvokeStub_SimulationWorldTests.FishForageInShallowsAtAnyTemperature(Object, Span`1)&#xD;
[xUnit.net 00:00:00.36]            at System.Reflection.MethodBaseInvoker.InvokeWithFewArgs(Object obj, BindingFlags invokeAttr, Binder binder, Object[] parameters, CultureInfo culture)&#xD;
[xUnit.net 00:00:00.36]       Assert.Equal() Failure: Values differ&#xD;
[xUnit.net 00:00:00.36]       Expected: 5&#xD;
[xUnit.net 00:00:00.36]       Actual:   6&#xD;
[xUnit.net 00:00:00.36]       Stack Trace:&#xD;
[xUnit.net 00:00:00.36]         C:\Users\1Matt\Desktop\Newt\tests\Newt.Simulation.Tests\SimulationWorldTests.cs(956,0): at Newt.Simulation.Tests.SimulationWorldTests.CrabRoamsLandButPlainTerrainDoesNotFeedIt()&#xD;
[xUnit.net 00:00:00.36]            at System.Reflection.MethodBaseInvoker.InterpretedInvoke_Method(Object obj, IntPtr* args)&#xD;
[xUnit.net 00:00:00.36]            at System.Reflection.MethodBaseInvoker.InvokeWithNoArgs(Object obj, BindingFlags invokeAttr)&#xD;
[xUnit.net 00:00:00.40]       Assert.Equal() Failure: Values differ&#xD;
[xUnit.net 00:00:00.40]       Expected: 2&#xD;
[xUnit.net 00:00:00.40]       Actual:   1&#xD;
[xUnit.net 00:00:00.41]       Stack Trace:&#xD;
[xUnit.net 00:00:00.41]         C:\Users\1Matt\Desktop\Newt\tests\Newt.Simulation.Tests\SimulationWorldTests.cs(1843,0): at Newt.Simulation.Tests.SimulationWorldTests.FishCanPlaceOffspringInADiagonallyConnectedRiverTile()&#xD;
[xUnit.net 00:00:00.41]            at System.Reflection.MethodBaseInvoker.InterpretedInvoke_Method(Object obj, IntPtr* args)&#xD;
[xUnit.net 00:00:00.41]            at System.Reflection.MethodBaseInvoker.InvokeWithNoArgs(Object obj, BindingFlags invokeAttr)&#xD;
[xUnit.net 00:00:00.41]   Finished:    Newt.Simulation.Tests&#xD;
</StdOut>
    </Output>
    <RunInfos>
      <RunInfo computerName="MATTHEWPC" outcome="Error" timestamp="2026-09-19T22:21:55.1357736-07:00">
        <Text>[xUnit.net 00:00:00.27]     Newt.Simulation.Tests.SimulationWorldTests.NautilusFeedsInDeepOceanAndShallows(terrain: Shallows, expectedEnergy: 5) [FAIL]</Text>
      </RunInfo>
      <RunInfo computerName="MATTHEWPC" outcome="Error" timestamp="2026-09-19T22:21:55.1363344-07:00">
        <Text>[xUnit.net 00:00:00.27]     Newt.Simulation.Tests.SimulationWorldTests.WormFeedsFromDetritusInDeepOceanAndShallows [FAIL]</Text>
      </RunInfo>
      <RunInfo computerName="MATTHEWPC" outcome="Error" timestamp="2026-09-19T22:21:55.1428299-07:00">
        <Text>[xUnit.net 00:00:00.28]     Newt.Simulation.Tests.SimulationWorldTests.FishShovesBlockingNewtUpOneTileWideRiver [FAIL]</Text>
      </RunInfo>
      <RunInfo computerName="MATTHEWPC" outcome="Error" timestamp="2026-09-19T22:21:55.1470878-07:00">
        <Text>[xUnit.net 00:00:00.28]     Newt.Simulation.Tests.SimulationWorldTests.CoastalFeedingReflectsTerrainProductivityWithinSixteenSeconds(terrain: Shallows, expectedCount: 2, expectedParentEnergy: 2) [FAIL]</Text>
      </RunInfo>
      <RunInfo computerName="MATTHEWPC" outcome="Error" timestamp="2026-09-19T22:21:55.1856805-07:00">
        <Text>[xUnit.net 00:00:00.32]     Newt.Simulation.Tests.SimulationWorldTests.CrabCanPlaceOffspringInAnyValidHabitat [FAIL]</Text>
      </RunInfo>
      <RunInfo computerName="MATTHEWPC" outcome="Error" timestamp="2026-09-19T22:21:55.1891769-07:00">
        <Text>[xUnit.net 00:00:00.32]     Newt.Simulation.Tests.SimulationWorldTests.ReefForagingCanEventuallySupportFishReproduction [FAIL]</Text>
      </RunInfo>
      <RunInfo computerName="MATTHEWPC" outcome="Error" timestamp="2026-09-19T22:21:55.1977932-07:00">
        <Text>[xUnit.net 00:00:00.33]     Newt.Simulation.Tests.SimulationWorldTests.TrilobiteFeedsInDeepOceanAndShallows(terrain: Shallows, expectedEnergy: 4) [FAIL]</Text>
      </RunInfo>
      <RunInfo computerName="MATTHEWPC" outcome="Error" timestamp="2026-09-19T22:21:55.2185998-07:00">
        <Text>[xUnit.net 00:00:00.35]     Newt.Simulation.Tests.SimulationWorldTests.FishForageInShallowsAtAnyTemperature(terrain: Shallows, temperature: 0.5, expectedEnergy: 6) [FAIL]</Text>
      </RunInfo>
      <RunInfo computerName="MATTHEWPC" outcome="Error" timestamp="2026-09-19T22:21:55.2199054-07:00">
        <Text>[xUnit.net 00:00:00.36]     Newt.Simulation.Tests.SimulationWorldTests.FishForageInShallowsAtAnyTemperature(terrain: Shallows, temperature: 0.800000012, expectedEnergy: 6) [FAIL]</Text>
      </RunInfo>
      <RunInfo computerName="MATTHEWPC" outcome="Error" timestamp="2026-09-19T22:21:55.2221188-07:00">
        <Text>[xUnit.net 00:00:00.36]     Newt.Simulation.Tests.SimulationWorldTests.CrabRoamsLandButPlainTerrainDoesNotFeedIt [FAIL]</Text>
      </RunInfo>
      <RunInfo computerName="MATTHEWPC" outcome="Error" timestamp="2026-09-19T22:21:55.2694442-07:00">
        <Text>[xUnit.net 00:00:00.40]     Newt.Simulation.Tests.SimulationWorldTests.FishCanPlaceOffspringInADiagonallyConnectedRiverTile [FAIL]</Text>
      </RunInfo>
    </RunInfos>
  </ResultSummary>
</TestRun>